[2026-02-20T22:29:54.898Z] Starting dev server with command: pnpm run dev
[2026-02-20T22:29:55.809Z] 
[2026-02-20T22:29:55.811Z] > app-template@1.0.0 dev /home/ubuntu/tap-tap-crypto-game
[2026-02-20T22:29:55.812Z] > concurrently -k "pnpm dev:server" "pnpm dev:metro"
[2026-02-20T22:29:55.812Z] 
[2026-02-20T22:29:56.622Z] [0]
[2026-02-20T22:29:56.623Z] [0] > app-template@1.0.0 dev:server /home/ubuntu/tap-tap-crypto-game
[2026-02-20T22:29:56.623Z] [0] > cross-env NODE_ENV=development tsx watch server/_core/index.ts
[2026-02-20T22:29:56.624Z] [0]
[2026-02-20T22:29:56.637Z] [1]
[2026-02-20T22:29:56.638Z] [1] > app-template@1.0.0 dev:metro /home/ubuntu/tap-tap-crypto-game
[2026-02-20T22:29:56.638Z] [1] > cross-env EXPO_USE_METRO_WORKSPACE_ROOT=1 npx expo start --web --port ${EXPO_PORT:-8081}
[2026-02-20T22:29:56.639Z] [1]
[2026-02-20T22:29:57.742Z] [1] Starting project at /home/ubuntu/tap-tap-crypto-game
[2026-02-20T22:29:58.349Z] [1] EXPO_USE_METRO_WORKSPACE_ROOT is enabled by default, use EXPO_NO_METRO_WORKSPACE_ROOT instead to disable.
[2026-02-20T22:29:58.939Z] [1] EXPO_USE_METRO_WORKSPACE_ROOT is enabled by default, use EXPO_NO_METRO_WORKSPACE_ROOT instead to disable.
[2026-02-20T22:29:58.940Z] [1] EXPO_USE_METRO_WORKSPACE_ROOT is enabled by default, use EXPO_NO_METRO_WORKSPACE_ROOT instead to disable.
[2026-02-20T22:29:58.941Z] [1] EXPO_USE_METRO_WORKSPACE_ROOT is enabled by default, use EXPO_NO_METRO_WORKSPACE_ROOT instead to disable.
[2026-02-20T22:29:59.256Z] [1] React Compiler enabled
[2026-02-20T22:29:59.475Z] [1] Starting Metro Bundler
[2026-02-20T22:29:59.524Z] [1] EXPO_USE_METRO_WORKSPACE_ROOT is enabled by default, use EXPO_NO_METRO_WORKSPACE_ROOT instead to disable.
[2026-02-20T22:30:01.247Z] [0] [OAuth] Initialized with baseURL: https://api.manus.im
[2026-02-20T22:30:01.536Z] [0] [api] server listening on port 3000
[2026-02-20T22:30:10.111Z] [1] /home/ubuntu/tap-tap-crypto-game/node_modules/@expo/cli/build/src/utils/errors.js:130
[2026-02-20T22:30:10.114Z] [1]     throw error;
[2026-02-20T22:30:10.114Z] [1]     ^
[2026-02-20T22:30:10.115Z] [1]
[2026-02-20T22:30:10.115Z] [1] Error: ENOSPC: System limit for number of file watchers reached, watch '/home/ubuntu/tap-tap-crypto-game/node_modules/react-native/ReactAndroid/src/main/java/com/facebook/react/views/debuggingoverlay'
[2026-02-20T22:30:10.116Z] [1]     at FSWatcher.<computed> (node:internal/fs/watchers:247:19)
[2026-02-20T22:30:10.116Z] [1]     at Object.watch (node:fs:2550:36)
[2026-02-20T22:30:10.116Z] [1]     at FallbackWatcher._watchdir (/home/ubuntu/tap-tap-crypto-game/node_modules/metro-file-map/src/watchers/FallbackWatcher.js:119:33)
[2026-02-20T22:30:10.117Z] [1]     at /home/ubuntu/tap-tap-crypto-game/node_modules/metro-file-map/src/watchers/FallbackWatcher.js:54:16
[2026-02-20T22:30:10.117Z] [1]     at Walker.<anonymous> (/home/ubuntu/tap-tap-crypto-game/node_modules/metro-file-map/src/watchers/FallbackWatcher.js:358:5)
[2026-02-20T22:30:10.118Z] [1]     at Walker.emit (node:events:524:28)
[2026-02-20T22:30:10.118Z] [1]     at /home/ubuntu/tap-tap-crypto-game/node_modules/walker/lib/walker.js:69:16
[2026-02-20T22:30:10.119Z] [1]     at FSReqCallback.oncomplete (node:fs:188:23) {
[2026-02-20T22:30:10.119Z] [1]   errno: -28,
[2026-02-20T22:30:10.120Z] [1]   syscall: 'watch',
[2026-02-20T22:30:10.120Z] [1]   code: 'ENOSPC',
[2026-02-20T22:30:10.121Z] [1]   path: '/home/ubuntu/tap-tap-crypto-game/node_modules/react-native/ReactAndroid/src/main/java/com/facebook/react/views/debuggingoverlay',
[2026-02-20T22:30:10.121Z] [1]   filename: '/home/ubuntu/tap-tap-crypto-game/node_modules/react-native/ReactAndroid/src/main/java/com/facebook/react/views/debuggingoverlay'
[2026-02-20T22:30:10.121Z] [1] }
[2026-02-20T22:30:10.122Z] [1]
[2026-02-20T22:30:10.122Z] [1] Node.js v22.13.0
[2026-02-20T22:30:10.166Z] [1] npm notice
[2026-02-20T22:30:10.167Z] [1] npm notice New major version of npm available! 10.9.2 -> 11.10.1
[2026-02-20T22:30:10.168Z] [1] npm notice Changelog: https://github.com/npm/cli/releases/tag/v11.10.1
[2026-02-20T22:30:10.168Z] [1] npm notice To update run: npm install -g npm@11.10.1
[2026-02-20T22:30:10.169Z] [1] npm notice
[2026-02-20T22:30:10.201Z] [1]  ELIFECYCLE  Command failed with exit code 7.
[2026-02-20T22:30:10.239Z] [1] pnpm dev:metro exited with code 7
[2026-02-20T22:30:10.240Z] --> Sending SIGTERM to other processes..
[2026-02-20T22:30:10.318Z] [0]  ELIFECYCLE  Command failed.
[2026-02-20T22:30:10.336Z] [0] 5:30:10 PM [tsx] Previous process hasn't exited yet. Force killing...
[2026-02-20T22:30:10.348Z] [0] pnpm dev:server exited with code SIGTERM
[2026-02-20T22:30:10.358Z] ELIFECYCLE  Command failed with exit code 1.
[2026-02-20T22:30:10.392Z] Dev server exited with code 1
[2026-02-22T23:26:09.598Z] Starting dev server with command: pnpm run dev
[2026-02-22T23:26:10.632Z] 
[2026-02-22T23:26:10.633Z] > app-template@1.0.0 dev /home/ubuntu/tap-tap-crypto-game
[2026-02-22T23:26:10.634Z] > concurrently -k "pnpm dev:server" "pnpm dev:metro"
[2026-02-22T23:26:10.634Z] 
[2026-02-22T23:26:11.602Z] [0]
[2026-02-22T23:26:11.603Z] [0] > app-template@1.0.0 dev:server /home/ubuntu/tap-tap-crypto-game
[2026-02-22T23:26:11.603Z] [0] > cross-env NODE_ENV=development tsx watch server/_core/index.ts
[2026-02-22T23:26:11.603Z] [0]
[2026-02-22T23:26:11.709Z] [1]
[2026-02-22T23:26:11.710Z] [1] > app-template@1.0.0 dev:metro /home/ubuntu/tap-tap-crypto-game
[2026-02-22T23:26:11.711Z] [1] > cross-env EXPO_USE_METRO_WORKSPACE_ROOT=1 npx expo start --web --port ${EXPO_PORT:-8081}
[2026-02-22T23:26:11.711Z] [1]
[2026-02-22T23:26:12.376Z] [1] Starting project at /home/ubuntu/tap-tap-crypto-game
[2026-02-22T23:26:13.061Z] [1] EXPO_USE_METRO_WORKSPACE_ROOT is enabled by default, use EXPO_NO_METRO_WORKSPACE_ROOT instead to disable.
[2026-02-22T23:26:13.493Z] [1] EXPO_USE_METRO_WORKSPACE_ROOT is enabled by default, use EXPO_NO_METRO_WORKSPACE_ROOT instead to disable.
[2026-02-22T23:26:13.493Z] [1] EXPO_USE_METRO_WORKSPACE_ROOT is enabled by default, use EXPO_NO_METRO_WORKSPACE_ROOT instead to disable.
[2026-02-22T23:26:13.495Z] [1] EXPO_USE_METRO_WORKSPACE_ROOT is enabled by default, use EXPO_NO_METRO_WORKSPACE_ROOT instead to disable.
[2026-02-22T23:26:13.805Z] [1] React Compiler enabled
[2026-02-22T23:26:13.969Z] [1] Starting Metro Bundler
[2026-02-22T23:26:14.007Z] [1] EXPO_USE_METRO_WORKSPACE_ROOT is enabled by default, use EXPO_NO_METRO_WORKSPACE_ROOT instead to disable.
[2026-02-22T23:26:15.590Z] [1] The following packages should be updated for best compatibility with the installed expo version:
[2026-02-22T23:26:15.591Z] [1]   expo@54.0.29 - expected version: ~54.0.33
[2026-02-22T23:26:15.592Z] [1]   expo-audio@1.1.0 - expected version: ~1.1.1
[2026-02-22T23:26:15.592Z] [1]   expo-constants@18.0.12 - expected version: ~18.0.13
[2026-02-22T23:26:15.593Z] [1]   expo-font@14.0.10 - expected version: ~14.0.11
[2026-02-22T23:26:15.593Z] [1]   expo-linking@8.0.10 - expected version: ~8.0.11
[2026-02-22T23:26:15.594Z] [1]   expo-notifications@0.32.15 - expected version: ~0.32.16
[2026-02-22T23:26:15.595Z] [1]   expo-router@6.0.19 - expected version: ~6.0.23
[2026-02-22T23:26:15.595Z] [1]   expo-splash-screen@31.0.12 - expected version: ~31.0.13
[2026-02-22T23:26:15.596Z] [1]   expo-video@3.0.15 - expected version: ~3.0.16
[2026-02-22T23:26:15.597Z] [1] Your project may not work correctly until you install the expected versions of the packages.
[2026-02-22T23:26:15.602Z] [1] Waiting on http://localhost:8081
[2026-02-22T23:26:15.608Z] [1] Logs for your project will appear below.
[2026-02-22T23:26:15.750Z] [0] [OAuth] Initialized with baseURL: https://api.manus.im
[2026-02-22T23:26:15.893Z] [0] [api] server listening on port 3000
[2026-02-22T23:26:26.600Z] [1] /home/ubuntu/tap-tap-crypto-game/node_modules/@expo/cli/build/src/utils/errors.js:130
[2026-02-22T23:26:26.601Z] [1]     throw error;
[2026-02-22T23:26:26.601Z] [1]     ^
[2026-02-22T23:26:26.602Z] [1]
[2026-02-22T23:26:26.602Z] [1] Error: ENOSPC: System limit for number of file watchers reached, watch '/home/ubuntu/tap-tap-crypto-game/node_modules/react-native/ReactAndroid/src/main/java/com/facebook/react/views/image'
[2026-02-22T23:26:26.602Z] [1]     at FSWatcher.<computed> (node:internal/fs/watchers:247:19)
[2026-02-22T23:26:26.603Z] [1]     at Object.watch (node:fs:2550:36)
[2026-02-22T23:26:26.603Z] [1]     at FallbackWatcher._watchdir (/home/ubuntu/tap-tap-crypto-game/node_modules/metro-file-map/src/watchers/FallbackWatcher.js:119:33)
[2026-02-22T23:26:26.603Z] [1]     at /home/ubuntu/tap-tap-crypto-game/node_modules/metro-file-map/src/watchers/FallbackWatcher.js:54:16
[2026-02-22T23:26:26.603Z] [1]     at Walker.<anonymous> (/home/ubuntu/tap-tap-crypto-game/node_modules/metro-file-map/src/watchers/FallbackWatcher.js:358:5)
[2026-02-22T23:26:26.604Z] [1]     at Walker.emit (node:events:524:28)
[2026-02-22T23:26:26.604Z] [1]     at /home/ubuntu/tap-tap-crypto-game/node_modules/walker/lib/walker.js:69:16
[2026-02-22T23:26:26.604Z] [1]     at FSReqCallback.oncomplete (node:fs:188:23) {
[2026-02-22T23:26:26.605Z] [1]   errno: -28,
[2026-02-22T23:26:26.605Z] [1]   syscall: 'watch',
[2026-02-22T23:26:26.605Z] [1]   code: 'ENOSPC',
[2026-02-22T23:26:26.605Z] [1]   path: '/home/ubuntu/tap-tap-crypto-game/node_modules/react-native/ReactAndroid/src/main/java/com/facebook/react/views/image',
[2026-02-22T23:26:26.606Z] [1]   filename: '/home/ubuntu/tap-tap-crypto-game/node_modules/react-native/ReactAndroid/src/main/java/com/facebook/react/views/image'
[2026-02-22T23:26:26.606Z] [1] }
[2026-02-22T23:26:26.606Z] [1]
[2026-02-22T23:26:26.606Z] [1] Node.js v22.13.0
[2026-02-22T23:26:26.650Z] [1]  ELIFECYCLE  Command failed with exit code 7.
[2026-02-22T23:26:26.676Z] [1] pnpm dev:metro exited with code 7
[2026-02-22T23:26:26.677Z] --> Sending SIGTERM to other processes..
[2026-02-22T23:26:26.737Z] [0]  ELIFECYCLE  Command failed.
[2026-02-22T23:26:26.760Z] [0] 6:26:26 PM [tsx] Previous process hasn't exited yet. Force killing...
[2026-02-22T23:26:26.774Z] [0] pnpm dev:server exited with code SIGTERM
[2026-02-22T23:26:26.782Z] ELIFECYCLE  Command failed with exit code 1.
[2026-02-22T23:26:26.811Z] Dev server exited with code 1
[2026-02-22T23:27:38.302Z] Starting dev server with command: pnpm run dev
[2026-02-22T23:27:39.270Z] 
[2026-02-22T23:27:39.271Z] > app-template@1.0.0 dev /home/ubuntu/tap-tap-crypto-game
[2026-02-22T23:27:39.271Z] > concurrently -k "pnpm dev:server" "pnpm dev:metro"
[2026-02-22T23:27:39.272Z] 
[2026-02-22T23:27:40.027Z] [0]
[2026-02-22T23:27:40.028Z] [0] > app-template@1.0.0 dev:server /home/ubuntu/tap-tap-crypto-game
[2026-02-22T23:27:40.028Z] [0] > cross-env NODE_ENV=development tsx watch server/_core/index.ts
[2026-02-22T23:27:40.028Z] [0]
[2026-02-22T23:27:40.061Z] [1]
[2026-02-22T23:27:40.061Z] [1] > app-template@1.0.0 dev:metro /home/ubuntu/tap-tap-crypto-game
[2026-02-22T23:27:40.062Z] [1] > cross-env EXPO_USE_METRO_WORKSPACE_ROOT=1 npx expo start --web --port ${EXPO_PORT:-8081}
[2026-02-22T23:27:40.062Z] [1]
[2026-02-22T23:27:40.764Z] [1] Starting project at /home/ubuntu/tap-tap-crypto-game
[2026-02-22T23:27:41.263Z] [1] EXPO_USE_METRO_WORKSPACE_ROOT is enabled by default, use EXPO_NO_METRO_WORKSPACE_ROOT instead to disable.
[2026-02-22T23:27:41.660Z] [1] EXPO_USE_METRO_WORKSPACE_ROOT is enabled by default, use EXPO_NO_METRO_WORKSPACE_ROOT instead to disable.
[2026-02-22T23:27:41.661Z] [1] EXPO_USE_METRO_WORKSPACE_ROOT is enabled by default, use EXPO_NO_METRO_WORKSPACE_ROOT instead to disable.
[2026-02-22T23:27:41.662Z] [1] EXPO_USE_METRO_WORKSPACE_ROOT is enabled by default, use EXPO_NO_METRO_WORKSPACE_ROOT instead to disable.
[2026-02-22T23:27:41.930Z] [1] React Compiler enabled
[2026-02-22T23:27:42.089Z] [1] Starting Metro Bundler
[2026-02-22T23:27:42.141Z] [1] EXPO_USE_METRO_WORKSPACE_ROOT is enabled by default, use EXPO_NO_METRO_WORKSPACE_ROOT instead to disable.
[2026-02-22T23:27:43.471Z] [1] The following packages should be updated for best compatibility with the installed expo version:
[2026-02-22T23:27:43.472Z] [1]   expo@54.0.29 - expected version: ~54.0.33
[2026-02-22T23:27:43.472Z] [1]   expo-audio@1.1.0 - expected version: ~1.1.1
[2026-02-22T23:27:43.473Z] [1]   expo-constants@18.0.12 - expected version: ~18.0.13
[2026-02-22T23:27:43.473Z] [1]   expo-font@14.0.10 - expected version: ~14.0.11
[2026-02-22T23:27:43.473Z] [1]   expo-linking@8.0.10 - expected version: ~8.0.11
[2026-02-22T23:27:43.474Z] [1]   expo-notifications@0.32.15 - expected version: ~0.32.16
[2026-02-22T23:27:43.474Z] [1]   expo-router@6.0.19 - expected version: ~6.0.23
[2026-02-22T23:27:43.474Z] [1]   expo-splash-screen@31.0.12 - expected version: ~31.0.13
[2026-02-22T23:27:43.474Z] [1]   expo-video@3.0.15 - expected version: ~3.0.16
[2026-02-22T23:27:43.475Z] [1] Your project may not work correctly until you install the expected versions of the packages.
[2026-02-22T23:27:43.481Z] [1] Waiting on http://localhost:8081
[2026-02-22T23:27:43.483Z] [1] Logs for your project will appear below.
[2026-02-22T23:27:43.690Z] [0] [OAuth] Initialized with baseURL: https://api.manus.im
[2026-02-22T23:27:43.826Z] [0] [api] server listening on port 3000
[2026-02-22T23:27:53.556Z] [1] /home/ubuntu/tap-tap-crypto-game/node_modules/@expo/cli/build/src/utils/errors.js:130
[2026-02-22T23:27:53.557Z] [1]     throw error;
[2026-02-22T23:27:53.557Z] [1]     ^
[2026-02-22T23:27:53.557Z] [1]
[2026-02-22T23:27:53.558Z] [1] Error: ENOSPC: System limit for number of file watchers reached, watch '/home/ubuntu/tap-tap-crypto-game/node_modules/react-native/ReactAndroid/src/main/java/com/facebook/react/views/image'
[2026-02-22T23:27:53.558Z] [1]     at FSWatcher.<computed> (node:internal/fs/watchers:247:19)
[2026-02-22T23:27:53.559Z] [1]     at Object.watch (node:fs:2550:36)
[2026-02-22T23:27:53.559Z] [1]     at FallbackWatcher._watchdir (/home/ubuntu/tap-tap-crypto-game/node_modules/metro-file-map/src/watchers/FallbackWatcher.js:119:33)
[2026-02-22T23:27:53.559Z] [1]     at /home/ubuntu/tap-tap-crypto-game/node_modules/metro-file-map/src/watchers/FallbackWatcher.js:54:16
[2026-02-22T23:27:53.559Z] [1]     at Walker.<anonymous> (/home/ubuntu/tap-tap-crypto-game/node_modules/metro-file-map/src/watchers/FallbackWatcher.js:358:5)
[2026-02-22T23:27:53.560Z] [1]     at Walker.emit (node:events:524:28)
[2026-02-22T23:27:53.560Z] [1]     at /home/ubuntu/tap-tap-crypto-game/node_modules/walker/lib/walker.js:69:16
[2026-02-22T23:27:53.560Z] [1]     at FSReqCallback.oncomplete (node:fs:188:23) {
[2026-02-22T23:27:53.561Z] [1]   errno: -28,
[2026-02-22T23:27:53.561Z] [1]   syscall: 'watch',
[2026-02-22T23:27:53.561Z] [1]   code: 'ENOSPC',
[2026-02-22T23:27:53.561Z] [1]   path: '/home/ubuntu/tap-tap-crypto-game/node_modules/react-native/ReactAndroid/src/main/java/com/facebook/react/views/image',
[2026-02-22T23:27:53.562Z] [1]   filename: '/home/ubuntu/tap-tap-crypto-game/node_modules/react-native/ReactAndroid/src/main/java/com/facebook/react/views/image'
[2026-02-22T23:27:53.562Z] [1] }
[2026-02-22T23:27:53.562Z] [1]
[2026-02-22T23:27:53.562Z] [1] Node.js v22.13.0
[2026-02-22T23:27:53.601Z] [1]  ELIFECYCLE  Command failed with exit code 7.
[2026-02-22T23:27:53.624Z] [1] pnpm dev:metro exited with code 7
[2026-02-22T23:27:53.625Z] --> Sending SIGTERM to other processes..
[2026-02-22T23:27:53.678Z] [0]  ELIFECYCLE  Command failed.
[2026-02-22T23:27:53.699Z] [0] 6:27:53 PM [tsx] Previous process hasn't exited yet. Force killing...
[2026-02-22T23:27:53.708Z] [0] pnpm dev:server exited with code SIGTERM
[2026-02-22T23:27:53.716Z] ELIFECYCLE  Command failed with exit code 1.
[2026-02-22T23:27:53.741Z] Dev server exited with code 1
[2026-02-22T23:28:21.109Z] Starting dev server with command: pnpm run dev
[2026-02-22T23:28:22.118Z] 
[2026-02-22T23:28:22.119Z] > app-template@1.0.0 dev /home/ubuntu/tap-tap-crypto-game
[2026-02-22T23:28:22.120Z] > concurrently -k "pnpm dev:server" "pnpm dev:metro"
[2026-02-22T23:28:22.120Z] 
[2026-02-22T23:28:22.907Z] [0]
[2026-02-22T23:28:22.908Z] [0] > app-template@1.0.0 dev:server /home/ubuntu/tap-tap-crypto-game
[2026-02-22T23:28:22.908Z] [0] > cross-env NODE_ENV=development tsx watch server/_core/index.ts
[2026-02-22T23:28:22.909Z] [0]
[2026-02-22T23:28:22.994Z] [1]
[2026-02-22T23:28:22.995Z] [1] > app-template@1.0.0 dev:metro /home/ubuntu/tap-tap-crypto-game
[2026-02-22T23:28:22.995Z] [1] > cross-env EXPO_USE_METRO_WORKSPACE_ROOT=1 npx expo start --web --port ${EXPO_PORT:-8081}
[2026-02-22T23:28:22.995Z] [1]
[2026-02-22T23:28:23.700Z] [1] Starting project at /home/ubuntu/tap-tap-crypto-game
[2026-02-22T23:28:24.167Z] [1] EXPO_USE_METRO_WORKSPACE_ROOT is enabled by default, use EXPO_NO_METRO_WORKSPACE_ROOT instead to disable.
[2026-02-22T23:28:24.608Z] [1] EXPO_USE_METRO_WORKSPACE_ROOT is enabled by default, use EXPO_NO_METRO_WORKSPACE_ROOT instead to disable.
[2026-02-22T23:28:24.608Z] [1] EXPO_USE_METRO_WORKSPACE_ROOT is enabled by default, use EXPO_NO_METRO_WORKSPACE_ROOT instead to disable.
[2026-02-22T23:28:24.609Z] [1] EXPO_USE_METRO_WORKSPACE_ROOT is enabled by default, use EXPO_NO_METRO_WORKSPACE_ROOT instead to disable.
[2026-02-22T23:28:24.901Z] [1] React Compiler enabled
[2026-02-22T23:28:25.056Z] [1] Starting Metro Bundler
[2026-02-22T23:28:25.100Z] [1] EXPO_USE_METRO_WORKSPACE_ROOT is enabled by default, use EXPO_NO_METRO_WORKSPACE_ROOT instead to disable.
[2026-02-22T23:28:25.393Z] [1] The following packages should be updated for best compatibility with the installed expo version:
[2026-02-22T23:28:25.394Z] [1]   expo@54.0.29 - expected version: ~54.0.33
[2026-02-22T23:28:25.394Z] [1]   expo-audio@1.1.0 - expected version: ~1.1.1
[2026-02-22T23:28:25.394Z] [1]   expo-constants@18.0.12 - expected version: ~18.0.13
[2026-02-22T23:28:25.395Z] [1]   expo-font@14.0.10 - expected version: ~14.0.11
[2026-02-22T23:28:25.395Z] [1]   expo-linking@8.0.10 - expected version: ~8.0.11
[2026-02-22T23:28:25.395Z] [1]   expo-notifications@0.32.15 - expected version: ~0.32.16
[2026-02-22T23:28:25.396Z] [1]   expo-router@6.0.19 - expected version: ~6.0.23
[2026-02-22T23:28:25.396Z] [1]   expo-splash-screen@31.0.12 - expected version: ~31.0.13
[2026-02-22T23:28:25.396Z] [1]   expo-video@3.0.15 - expected version: ~3.0.16
[2026-02-22T23:28:25.396Z] [1] Your project may not work correctly until you install the expected versions of the packages.
[2026-02-22T23:28:25.401Z] [1] Waiting on http://localhost:8081
[2026-02-22T23:28:25.401Z] [1] Logs for your project will appear below.
[2026-02-22T23:28:26.702Z] [0] [OAuth] Initialized with baseURL: https://api.manus.im
[2026-02-22T23:28:26.849Z] [0] [api] server listening on port 3000
[2026-02-22T23:28:35.084Z] [1] /home/ubuntu/tap-tap-crypto-game/node_modules/@expo/cli/build/src/utils/errors.js:130
[2026-02-22T23:28:35.085Z] [1]     throw error;
[2026-02-22T23:28:35.086Z] [1]     ^
[2026-02-22T23:28:35.086Z] [1]
[2026-02-22T23:28:35.086Z] [1] Error: ENOSPC: System limit for number of file watchers reached, watch '/home/ubuntu/tap-tap-crypto-game/node_modules/react-native/ReactAndroid/src/main/java/com/facebook/react/modules/devtoolsruntimesettings'
[2026-02-22T23:28:35.087Z] [1]     at FSWatcher.<computed> (node:internal/fs/watchers:247:19)
[2026-02-22T23:28:35.087Z] [1]     at Object.watch (node:fs:2550:36)
[2026-02-22T23:28:35.087Z] [1]     at FallbackWatcher._watchdir (/home/ubuntu/tap-tap-crypto-game/node_modules/metro-file-map/src/watchers/FallbackWatcher.js:119:33)
[2026-02-22T23:28:35.088Z] [1]     at /home/ubuntu/tap-tap-crypto-game/node_modules/metro-file-map/src/watchers/FallbackWatcher.js:54:16
[2026-02-22T23:28:35.088Z] [1]     at Walker.<anonymous> (/home/ubuntu/tap-tap-crypto-game/node_modules/metro-file-map/src/watchers/FallbackWatcher.js:358:5)
[2026-02-22T23:28:35.088Z] [1]     at Walker.emit (node:events:524:28)
[2026-02-22T23:28:35.088Z] [1]     at /home/ubuntu/tap-tap-crypto-game/node_modules/walker/lib/walker.js:69:16
[2026-02-22T23:28:35.089Z] [1]     at FSReqCallback.oncomplete (node:fs:188:23) {
[2026-02-22T23:28:35.089Z] [1]   errno: -28,
[2026-02-22T23:28:35.089Z] [1]   syscall: 'watch',
[2026-02-22T23:28:35.090Z] [1]   code: 'ENOSPC',
[2026-02-22T23:28:35.090Z] [1]   path: '/home/ubuntu/tap-tap-crypto-game/node_modules/react-native/ReactAndroid/src/main/java/com/facebook/react/modules/devtoolsruntimesettings',
[2026-02-22T23:28:35.090Z] [1]   filename: '/home/ubuntu/tap-tap-crypto-game/node_modules/react-native/ReactAndroid/src/main/java/com/facebook/react/modules/devtoolsruntimesettings'
[2026-02-22T23:28:35.090Z] [1] }
[2026-02-22T23:28:35.091Z] [1]
[2026-02-22T23:28:35.091Z] [1] Node.js v22.13.0
[2026-02-22T23:28:35.132Z] [1]  ELIFECYCLE  Command failed with exit code 7.
[2026-02-22T23:28:35.153Z] [1] pnpm dev:metro exited with code 7
[2026-02-22T23:28:35.154Z] --> Sending SIGTERM to other processes..
[2026-02-22T23:28:35.215Z] [0]  ELIFECYCLE  Command failed.
[2026-02-22T23:28:35.237Z] [0] 6:28:35 PM [tsx] Previous process hasn't exited yet. Force killing...
[2026-02-22T23:28:35.247Z] [0] pnpm dev:server exited with code SIGTERM
[2026-02-22T23:28:35.255Z] ELIFECYCLE  Command failed with exit code 1.
[2026-02-22T23:28:35.281Z] Dev server exited with code 1
[2026-02-23T01:00:07.091Z] Starting dev server with command: pnpm run dev
[2026-02-23T01:00:08.125Z] 
[2026-02-23T01:00:08.126Z] > app-template@1.0.0 dev /home/ubuntu/tap-tap-crypto-game
[2026-02-23T01:00:08.126Z] > concurrently -k "pnpm dev:server" "pnpm dev:metro"
[2026-02-23T01:00:08.127Z] 
[2026-02-23T01:00:09.020Z] [1]
[2026-02-23T01:00:09.021Z] [1] > app-template@1.0.0 dev:metro /home/ubuntu/tap-tap-crypto-game
[2026-02-23T01:00:09.022Z] [1] > cross-env EXPO_USE_METRO_WORKSPACE_ROOT=1 npx expo start --web --port ${EXPO_PORT:-8081}
[2026-02-23T01:00:09.022Z] [1]
[2026-02-23T01:00:09.060Z] [0]
[2026-02-23T01:00:09.061Z] [0] > app-template@1.0.0 dev:server /home/ubuntu/tap-tap-crypto-game
[2026-02-23T01:00:09.061Z] [0] > cross-env NODE_ENV=development tsx watch server/_core/index.ts
[2026-02-23T01:00:09.061Z] [0]
[2026-02-23T01:00:09.843Z] [1] Starting project at /home/ubuntu/tap-tap-crypto-game
[2026-02-23T01:00:10.677Z] [1] EXPO_USE_METRO_WORKSPACE_ROOT is enabled by default, use EXPO_NO_METRO_WORKSPACE_ROOT instead to disable.
[2026-02-23T01:00:11.203Z] [1] EXPO_USE_METRO_WORKSPACE_ROOT is enabled by default, use EXPO_NO_METRO_WORKSPACE_ROOT instead to disable.
[2026-02-23T01:00:11.204Z] [1] EXPO_USE_METRO_WORKSPACE_ROOT is enabled by default, use EXPO_NO_METRO_WORKSPACE_ROOT instead to disable.
[2026-02-23T01:00:11.205Z] [1] EXPO_USE_METRO_WORKSPACE_ROOT is enabled by default, use EXPO_NO_METRO_WORKSPACE_ROOT instead to disable.
[2026-02-23T01:00:11.556Z] [1] React Compiler enabled
[2026-02-23T01:00:11.767Z] [1] Starting Metro Bundler
[2026-02-23T01:00:11.821Z] [1] EXPO_USE_METRO_WORKSPACE_ROOT is enabled by default, use EXPO_NO_METRO_WORKSPACE_ROOT instead to disable.
[2026-02-23T01:00:12.317Z] [1] The following packages should be updated for best compatibility with the installed expo version:
[2026-02-23T01:00:12.318Z] [1]   expo@54.0.29 - expected version: ~54.0.33
[2026-02-23T01:00:12.319Z] [1]   expo-audio@1.1.0 - expected version: ~1.1.1
[2026-02-23T01:00:12.320Z] [1]   expo-constants@18.0.12 - expected version: ~18.0.13
[2026-02-23T01:00:12.320Z] [1]   expo-font@14.0.10 - expected version: ~14.0.11
[2026-02-23T01:00:12.320Z] [1]   expo-linking@8.0.10 - expected version: ~8.0.11
[2026-02-23T01:00:12.321Z] [1]   expo-notifications@0.32.15 - expected version: ~0.32.16
[2026-02-23T01:00:12.321Z] [1]   expo-router@6.0.19 - expected version: ~6.0.23
[2026-02-23T01:00:12.322Z] [1]   expo-splash-screen@31.0.12 - expected version: ~31.0.13
[2026-02-23T01:00:12.322Z] [1]   expo-video@3.0.15 - expected version: ~3.0.16
[2026-02-23T01:00:12.323Z] [1] Your project may not work correctly until you install the expected versions of the packages.
[2026-02-23T01:00:12.326Z] [1] Waiting on http://localhost:8081
[2026-02-23T01:00:12.327Z] [1] Logs for your project will appear below.
[2026-02-23T01:00:12.699Z] [1] EXPO_USE_METRO_WORKSPACE_ROOT is enabled by default, use EXPO_NO_METRO_WORKSPACE_ROOT instead to disable.
[2026-02-23T01:00:12.702Z] [1] EXPO_USE_METRO_WORKSPACE_ROOT is enabled by default, use EXPO_NO_METRO_WORKSPACE_ROOT instead to disable.
[2026-02-23T01:00:13.646Z] [0] [OAuth] Initialized with baseURL: https://api.manus.im
[2026-02-23T01:00:13.650Z] [1] EXPO_USE_METRO_WORKSPACE_ROOT is enabled by default, use EXPO_NO_METRO_WORKSPACE_ROOT instead to disable.
[2026-02-23T01:00:13.653Z] [1] EXPO_USE_METRO_WORKSPACE_ROOT is enabled by default, use EXPO_NO_METRO_WORKSPACE_ROOT instead to disable.
[2026-02-23T01:00:13.794Z] [0] [api] server listening on port 3000
[2026-02-23T01:00:15.313Z] [1] EXPO_USE_METRO_WORKSPACE_ROOT is enabled by default, use EXPO_NO_METRO_WORKSPACE_ROOT instead to disable.
[2026-02-23T01:00:15.314Z] [1] EXPO_USE_METRO_WORKSPACE_ROOT is enabled by default, use EXPO_NO_METRO_WORKSPACE_ROOT instead to disable.
[2026-02-23T01:00:19.875Z] [1] EXPO_USE_METRO_WORKSPACE_ROOT is enabled by default, use EXPO_NO_METRO_WORKSPACE_ROOT instead to disable.
[2026-02-23T01:00:19.878Z] [1] EXPO_USE_METRO_WORKSPACE_ROOT is enabled by default, use EXPO_NO_METRO_WORKSPACE_ROOT instead to disable.
[2026-02-23T01:00:22.149Z] [1] EXPO_USE_METRO_WORKSPACE_ROOT is enabled by default, use EXPO_NO_METRO_WORKSPACE_ROOT instead to disable.
[2026-02-23T01:00:22.150Z] [1] EXPO_USE_METRO_WORKSPACE_ROOT is enabled by default, use EXPO_NO_METRO_WORKSPACE_ROOT instead to disable.
[2026-02-23T01:00:22.310Z] [1] EXPO_USE_METRO_WORKSPACE_ROOT is enabled by default, use EXPO_NO_METRO_WORKSPACE_ROOT instead to disable.
[2026-02-23T01:00:22.312Z] [1] EXPO_USE_METRO_WORKSPACE_ROOT is enabled by default, use EXPO_NO_METRO_WORKSPACE_ROOT instead to disable.
[2026-02-23T01:00:23.285Z] [1] EXPO_USE_METRO_WORKSPACE_ROOT is enabled by default, use EXPO_NO_METRO_WORKSPACE_ROOT instead to disable.
[2026-02-23T01:00:23.287Z] [1] EXPO_USE_METRO_WORKSPACE_ROOT is enabled by default, use EXPO_NO_METRO_WORKSPACE_ROOT instead to disable.
[2026-02-23T01:00:23.363Z] [1] EXPO_USE_METRO_WORKSPACE_ROOT is enabled by default, use EXPO_NO_METRO_WORKSPACE_ROOT instead to disable.
[2026-02-23T01:00:23.364Z] [1] EXPO_USE_METRO_WORKSPACE_ROOT is enabled by default, use EXPO_NO_METRO_WORKSPACE_ROOT instead to disable.
[2026-02-23T01:00:23.749Z] [1] EXPO_USE_METRO_WORKSPACE_ROOT is enabled by default, use EXPO_NO_METRO_WORKSPACE_ROOT instead to disable.
[2026-02-23T01:00:23.751Z] [1] EXPO_USE_METRO_WORKSPACE_ROOT is enabled by default, use EXPO_NO_METRO_WORKSPACE_ROOT instead to disable.
[2026-02-23T01:00:23.829Z] [1] EXPO_USE_METRO_WORKSPACE_ROOT is enabled by default, use EXPO_NO_METRO_WORKSPACE_ROOT instead to disable.
[2026-02-23T01:00:23.830Z] [1] EXPO_USE_METRO_WORKSPACE_ROOT is enabled by default, use EXPO_NO_METRO_WORKSPACE_ROOT instead to disable.
[2026-02-23T01:00:24.199Z] [1] EXPO_USE_METRO_WORKSPACE_ROOT is enabled by default, use EXPO_NO_METRO_WORKSPACE_ROOT instead to disable.
[2026-02-23T01:00:24.201Z] [1] EXPO_USE_METRO_WORKSPACE_ROOT is enabled by default, use EXPO_NO_METRO_WORKSPACE_ROOT instead to disable.
[2026-02-23T01:00:24.428Z] [1] EXPO_USE_METRO_WORKSPACE_ROOT is enabled by default, use EXPO_NO_METRO_WORKSPACE_ROOT instead to disable.
[2026-02-23T01:00:24.429Z] [1] EXPO_USE_METRO_WORKSPACE_ROOT is enabled by default, use EXPO_NO_METRO_WORKSPACE_ROOT instead to disable.
[2026-02-23T01:00:24.667Z] [1] /home/ubuntu/tap-tap-crypto-game/node_modules/@expo/cli/build/src/utils/errors.js:130
[2026-02-23T01:00:24.669Z] [1]     throw error;
[2026-02-23T01:00:24.670Z] [1]     ^
[2026-02-23T01:00:24.670Z] [1]
[2026-02-23T01:00:24.671Z] [1] Error: ENOSPC: System limit for number of file watchers reached, watch '/home/ubuntu/tap-tap-crypto-game/node_modules/react-native/ReactAndroid/src/main/java/com/facebook/react/modules/debug'
[2026-02-23T01:00:24.672Z] [1]     at FSWatcher.<computed> (node:internal/fs/watchers:247:19)
[2026-02-23T01:00:24.672Z] [1]     at Object.watch (node:fs:2550:36)
[2026-02-23T01:00:24.672Z] [1]     at FallbackWatcher._watchdir (/home/ubuntu/tap-tap-crypto-game/node_modules/metro-file-map/src/watchers/FallbackWatcher.js:119:33)
[2026-02-23T01:00:24.673Z] [1]     at /home/ubuntu/tap-tap-crypto-game/node_modules/metro-file-map/src/watchers/FallbackWatcher.js:54:16
[2026-02-23T01:00:24.674Z] [1]     at Walker.<anonymous> (/home/ubuntu/tap-tap-crypto-game/node_modules/metro-file-map/src/watchers/FallbackWatcher.js:358:5)
[2026-02-23T01:00:24.674Z] [1]     at Walker.emit (node:events:524:28)
[2026-02-23T01:00:24.675Z] [1]     at /home/ubuntu/tap-tap-crypto-game/node_modules/walker/lib/walker.js:69:16
[2026-02-23T01:00:24.675Z] [1]     at FSReqCallback.oncomplete (node:fs:188:23)
[2026-02-23T01:00:24.675Z] [1]     at FSReqCallback.callbackTrampoline (node:internal/async_hooks:130:17) {
[2026-02-23T01:00:24.676Z] [1]   errno: -28,
[2026-02-23T01:00:24.676Z] [1]   syscall: 'watch',
[2026-02-23T01:00:24.677Z] [1]   code: 'ENOSPC',
[2026-02-23T01:00:24.677Z] [1]   path: '/home/ubuntu/tap-tap-crypto-game/node_modules/react-native/ReactAndroid/src/main/java/com/facebook/react/modules/debug',
[2026-02-23T01:00:24.677Z] [1]   filename: '/home/ubuntu/tap-tap-crypto-game/node_modules/react-native/ReactAndroid/src/main/java/com/facebook/react/modules/debug'
[2026-02-23T01:00:24.678Z] [1] }
[2026-02-23T01:00:24.678Z] [1]
[2026-02-23T01:00:24.678Z] [1] Node.js v22.13.0
[2026-02-23T01:00:24.731Z] [1]  ELIFECYCLE  Command failed with exit code 7.
[2026-02-23T01:00:24.757Z] [1] pnpm dev:metro exited with code 7
[2026-02-23T01:00:24.759Z] --> Sending SIGTERM to other processes..
[2026-02-23T01:00:24.825Z] [0]  ELIFECYCLE  Command failed.
[2026-02-23T01:00:24.848Z] [0] 8:00:24 PM [tsx] Previous process hasn't exited yet. Force killing...
[2026-02-23T01:00:24.859Z] [0] pnpm dev:server exited with code SIGTERM
[2026-02-23T01:00:24.869Z] ELIFECYCLE  Command failed with exit code 1.
[2026-02-23T01:00:24.902Z] Dev server exited with code 1
[2026-02-23T01:00:57.601Z] Starting dev server with command: pnpm run dev
[2026-02-23T01:00:58.616Z] 
[2026-02-23T01:00:58.617Z] > app-template@1.0.0 dev /home/ubuntu/tap-tap-crypto-game
[2026-02-23T01:00:58.617Z] > concurrently -k "pnpm dev:server" "pnpm dev:metro"
[2026-02-23T01:00:58.618Z] 
[2026-02-23T01:00:59.377Z] [1]
[2026-02-23T01:00:59.378Z] [1] > app-template@1.0.0 dev:metro /home/ubuntu/tap-tap-crypto-game
[2026-02-23T01:00:59.379Z] [1] > cross-env EXPO_USE_METRO_WORKSPACE_ROOT=1 npx expo start --web --port ${EXPO_PORT:-8081}
[2026-02-23T01:00:59.379Z] [1]
[2026-02-23T01:00:59.383Z] [0]
[2026-02-23T01:00:59.384Z] [0] > app-template@1.0.0 dev:server /home/ubuntu/tap-tap-crypto-game
[2026-02-23T01:00:59.384Z] [0] > cross-env NODE_ENV=development tsx watch server/_core/index.ts
[2026-02-23T01:00:59.384Z] [0]
[2026-02-23T01:01:00.072Z] [1] Starting project at /home/ubuntu/tap-tap-crypto-game
[2026-02-23T01:01:00.553Z] [1] EXPO_USE_METRO_WORKSPACE_ROOT is enabled by default, use EXPO_NO_METRO_WORKSPACE_ROOT instead to disable.
[2026-02-23T01:01:00.970Z] [1] EXPO_USE_METRO_WORKSPACE_ROOT is enabled by default, use EXPO_NO_METRO_WORKSPACE_ROOT instead to disable.
[2026-02-23T01:01:00.970Z] [1] EXPO_USE_METRO_WORKSPACE_ROOT is enabled by default, use EXPO_NO_METRO_WORKSPACE_ROOT instead to disable.
[2026-02-23T01:01:00.971Z] [1] EXPO_USE_METRO_WORKSPACE_ROOT is enabled by default, use EXPO_NO_METRO_WORKSPACE_ROOT instead to disable.
[2026-02-23T01:01:01.270Z] [1] React Compiler enabled
[2026-02-23T01:01:01.431Z] [1] Starting Metro Bundler
[2026-02-23T01:01:01.476Z] [1] EXPO_USE_METRO_WORKSPACE_ROOT is enabled by default, use EXPO_NO_METRO_WORKSPACE_ROOT instead to disable.
[2026-02-23T01:01:01.757Z] [1] EXPO_USE_METRO_WORKSPACE_ROOT is enabled by default, use EXPO_NO_METRO_WORKSPACE_ROOT instead to disable.
[2026-02-23T01:01:01.760Z] [1] EXPO_USE_METRO_WORKSPACE_ROOT is enabled by default, use EXPO_NO_METRO_WORKSPACE_ROOT instead to disable.
[2026-02-23T01:01:01.801Z] [1] The following packages should be updated for best compatibility with the installed expo version:
[2026-02-23T01:01:01.802Z] [1]   expo@54.0.29 - expected version: ~54.0.33
[2026-02-23T01:01:01.803Z] [1]   expo-audio@1.1.0 - expected version: ~1.1.1
[2026-02-23T01:01:01.803Z] [1]   expo-constants@18.0.12 - expected version: ~18.0.13
[2026-02-23T01:01:01.804Z] [1]   expo-font@14.0.10 - expected version: ~14.0.11
[2026-02-23T01:01:01.804Z] [1]   expo-linking@8.0.10 - expected version: ~8.0.11
[2026-02-23T01:01:01.804Z] [1]   expo-notifications@0.32.15 - expected version: ~0.32.16
[2026-02-23T01:01:01.804Z] [1]   expo-router@6.0.19 - expected version: ~6.0.23
[2026-02-23T01:01:01.805Z] [1]   expo-splash-screen@31.0.12 - expected version: ~31.0.13
[2026-02-23T01:01:01.805Z] [1]   expo-video@3.0.15 - expected version: ~3.0.16
[2026-02-23T01:01:01.805Z] [1] Your project may not work correctly until you install the expected versions of the packages.
[2026-02-23T01:01:01.812Z] [1] Waiting on http://localhost:8081
[2026-02-23T01:01:01.813Z] [1] Logs for your project will appear below.
[2026-02-23T01:01:02.244Z] [1] EXPO_USE_METRO_WORKSPACE_ROOT is enabled by default, use EXPO_NO_METRO_WORKSPACE_ROOT instead to disable.
[2026-02-23T01:01:02.246Z] [1] EXPO_USE_METRO_WORKSPACE_ROOT is enabled by default, use EXPO_NO_METRO_WORKSPACE_ROOT instead to disable.
[2026-02-23T01:01:02.651Z] [1] EXPO_USE_METRO_WORKSPACE_ROOT is enabled by default, use EXPO_NO_METRO_WORKSPACE_ROOT instead to disable.
[2026-02-23T01:01:02.653Z] [1] EXPO_USE_METRO_WORKSPACE_ROOT is enabled by default, use EXPO_NO_METRO_WORKSPACE_ROOT instead to disable.
[2026-02-23T01:01:03.256Z] [0] [OAuth] Initialized with baseURL: https://api.manus.im
[2026-02-23T01:01:03.422Z] [0] [api] server listening on port 3000
[2026-02-23T01:01:04.397Z] [1] EXPO_USE_METRO_WORKSPACE_ROOT is enabled by default, use EXPO_NO_METRO_WORKSPACE_ROOT instead to disable.
[2026-02-23T01:01:04.398Z] [1] EXPO_USE_METRO_WORKSPACE_ROOT is enabled by default, use EXPO_NO_METRO_WORKSPACE_ROOT instead to disable.
[2026-02-23T01:01:04.401Z] [1] EXPO_USE_METRO_WORKSPACE_ROOT is enabled by default, use EXPO_NO_METRO_WORKSPACE_ROOT instead to disable.
[2026-02-23T01:01:04.402Z] [1] EXPO_USE_METRO_WORKSPACE_ROOT is enabled by default, use EXPO_NO_METRO_WORKSPACE_ROOT instead to disable.
[2026-02-23T01:01:07.775Z] [1] EXPO_USE_METRO_WORKSPACE_ROOT is enabled by default, use EXPO_NO_METRO_WORKSPACE_ROOT instead to disable.
[2026-02-23T01:01:07.776Z] [1] EXPO_USE_METRO_WORKSPACE_ROOT is enabled by default, use EXPO_NO_METRO_WORKSPACE_ROOT instead to disable.
[2026-02-23T01:01:09.543Z] [1] EXPO_USE_METRO_WORKSPACE_ROOT is enabled by default, use EXPO_NO_METRO_WORKSPACE_ROOT instead to disable.
[2026-02-23T01:01:09.544Z] [1] EXPO_USE_METRO_WORKSPACE_ROOT is enabled by default, use EXPO_NO_METRO_WORKSPACE_ROOT instead to disable.
[2026-02-23T01:01:10.535Z] [1] EXPO_USE_METRO_WORKSPACE_ROOT is enabled by default, use EXPO_NO_METRO_WORKSPACE_ROOT instead to disable.
[2026-02-23T01:01:10.536Z] [1] EXPO_USE_METRO_WORKSPACE_ROOT is enabled by default, use EXPO_NO_METRO_WORKSPACE_ROOT instead to disable.
[2026-02-23T01:01:10.605Z] [1] EXPO_USE_METRO_WORKSPACE_ROOT is enabled by default, use EXPO_NO_METRO_WORKSPACE_ROOT instead to disable.
[2026-02-23T01:01:10.606Z] [1] EXPO_USE_METRO_WORKSPACE_ROOT is enabled by default, use EXPO_NO_METRO_WORKSPACE_ROOT instead to disable.
[2026-02-23T01:01:10.960Z] [1] EXPO_USE_METRO_WORKSPACE_ROOT is enabled by default, use EXPO_NO_METRO_WORKSPACE_ROOT instead to disable.
[2026-02-23T01:01:10.961Z] [1] EXPO_USE_METRO_WORKSPACE_ROOT is enabled by default, use EXPO_NO_METRO_WORKSPACE_ROOT instead to disable.
[2026-02-23T01:01:11.699Z] [1] /home/ubuntu/tap-tap-crypto-game/node_modules/@expo/cli/build/src/utils/errors.js:130
[2026-02-23T01:01:11.700Z] [1]     throw error;
[2026-02-23T01:01:11.700Z] [1]     ^
[2026-02-23T01:01:11.700Z] [1]
[2026-02-23T01:01:11.701Z] [1] Error: ENOSPC: System limit for number of file watchers reached, watch '/home/ubuntu/tap-tap-crypto-game/node_modules/react-native/ReactAndroid/src/main/java/com/facebook/react/modules/devloading'
[2026-02-23T01:01:11.701Z] [1]     at FSWatcher.<computed> (node:internal/fs/watchers:247:19)
[2026-02-23T01:01:11.701Z] [1]     at Object.watch (node:fs:2550:36)
[2026-02-23T01:01:11.702Z] [1]     at FallbackWatcher._watchdir (/home/ubuntu/tap-tap-crypto-game/node_modules/metro-file-map/src/watchers/FallbackWatcher.js:119:33)
[2026-02-23T01:01:11.702Z] [1]     at /home/ubuntu/tap-tap-crypto-game/node_modules/metro-file-map/src/watchers/FallbackWatcher.js:54:16
[2026-02-23T01:01:11.702Z] [1]     at Walker.<anonymous> (/home/ubuntu/tap-tap-crypto-game/node_modules/metro-file-map/src/watchers/FallbackWatcher.js:358:5)
[2026-02-23T01:01:11.702Z] [1]     at Walker.emit (node:events:524:28)
[2026-02-23T01:01:11.703Z] [1]     at /home/ubuntu/tap-tap-crypto-game/node_modules/walker/lib/walker.js:69:16
[2026-02-23T01:01:11.703Z] [1]     at FSReqCallback.oncomplete (node:fs:188:23)
[2026-02-23T01:01:11.703Z] [1]     at FSReqCallback.callbackTrampoline (node:internal/async_hooks:130:17) {
[2026-02-23T01:01:11.703Z] [1]   errno: -28,
[2026-02-23T01:01:11.704Z] [1]   syscall: 'watch',
[2026-02-23T01:01:11.704Z] [1]   code: 'ENOSPC',
[2026-02-23T01:01:11.704Z] [1]   path: '/home/ubuntu/tap-tap-crypto-game/node_modules/react-native/ReactAndroid/src/main/java/com/facebook/react/modules/devloading',
[2026-02-23T01:01:11.705Z] [1]   filename: '/home/ubuntu/tap-tap-crypto-game/node_modules/react-native/ReactAndroid/src/main/java/com/facebook/react/modules/devloading'
[2026-02-23T01:01:11.705Z] [1] }
[2026-02-23T01:01:11.705Z] [1]
[2026-02-23T01:01:11.705Z] [1] Node.js v22.13.0
[2026-02-23T01:01:11.749Z] [1]  ELIFECYCLE  Command failed with exit code 7.
[2026-02-23T01:01:11.774Z] [1] pnpm dev:metro exited with code 7
[2026-02-23T01:01:11.774Z] --> Sending SIGTERM to other processes..
[2026-02-23T01:01:11.833Z] [0]  ELIFECYCLE  Command failed.
[2026-02-23T01:01:11.853Z] [0] 8:01:11 PM [tsx] Previous process hasn't exited yet. Force killing...
[2026-02-23T01:01:11.863Z] [0] pnpm dev:server exited with code SIGTERM
[2026-02-23T01:01:11.869Z] ELIFECYCLE  Command failed with exit code 1.
[2026-02-23T01:01:11.896Z] Dev server exited with code 1
[2026-02-23T01:02:37.307Z] Starting dev server with command: pnpm run dev
[2026-02-23T01:02:38.293Z] 
[2026-02-23T01:02:38.294Z] > app-template@1.0.0 dev /home/ubuntu/tap-tap-crypto-game
[2026-02-23T01:02:38.294Z] > concurrently -k "pnpm dev:server" "pnpm dev:metro"
[2026-02-23T01:02:38.295Z] 
[2026-02-23T01:02:39.012Z] [0]
[2026-02-23T01:02:39.013Z] [0] > app-template@1.0.0 dev:server /home/ubuntu/tap-tap-crypto-game
[2026-02-23T01:02:39.013Z] [0] > cross-env NODE_ENV=development tsx watch server/_core/index.ts
[2026-02-23T01:02:39.013Z] [0]
[2026-02-23T01:02:39.024Z] [1]
[2026-02-23T01:02:39.025Z] [1] > app-template@1.0.0 dev:metro /home/ubuntu/tap-tap-crypto-game
[2026-02-23T01:02:39.025Z] [1] > cross-env EXPO_USE_METRO_WORKSPACE_ROOT=1 npx expo start --web --port ${EXPO_PORT:-8081}
[2026-02-23T01:02:39.026Z] [1]
[2026-02-23T01:02:39.674Z] [1] Starting project at /home/ubuntu/tap-tap-crypto-game
[2026-02-23T01:02:40.135Z] [1] EXPO_USE_METRO_WORKSPACE_ROOT is enabled by default, use EXPO_NO_METRO_WORKSPACE_ROOT instead to disable.
[2026-02-23T01:02:40.511Z] [1] EXPO_USE_METRO_WORKSPACE_ROOT is enabled by default, use EXPO_NO_METRO_WORKSPACE_ROOT instead to disable.
[2026-02-23T01:02:40.512Z] [1] EXPO_USE_METRO_WORKSPACE_ROOT is enabled by default, use EXPO_NO_METRO_WORKSPACE_ROOT instead to disable.
[2026-02-23T01:02:40.513Z] [1] EXPO_USE_METRO_WORKSPACE_ROOT is enabled by default, use EXPO_NO_METRO_WORKSPACE_ROOT instead to disable.
[2026-02-23T01:02:40.781Z] [1] React Compiler enabled
[2026-02-23T01:02:40.925Z] [1] Starting Metro Bundler
[2026-02-23T01:02:40.967Z] [1] EXPO_USE_METRO_WORKSPACE_ROOT is enabled by default, use EXPO_NO_METRO_WORKSPACE_ROOT instead to disable.
[2026-02-23T01:02:41.249Z] [1] EXPO_USE_METRO_WORKSPACE_ROOT is enabled by default, use EXPO_NO_METRO_WORKSPACE_ROOT instead to disable.
[2026-02-23T01:02:41.250Z] [1] EXPO_USE_METRO_WORKSPACE_ROOT is enabled by default, use EXPO_NO_METRO_WORKSPACE_ROOT instead to disable.
[2026-02-23T01:02:41.324Z] [1] The following packages should be updated for best compatibility with the installed expo version:
[2026-02-23T01:02:41.325Z] [1]   expo@54.0.29 - expected version: ~54.0.33
[2026-02-23T01:02:41.326Z] [1]   expo-audio@1.1.0 - expected version: ~1.1.1
[2026-02-23T01:02:41.326Z] [1]   expo-constants@18.0.12 - expected version: ~18.0.13
[2026-02-23T01:02:41.326Z] [1]   expo-font@14.0.10 - expected version: ~14.0.11
[2026-02-23T01:02:41.327Z] [1]   expo-linking@8.0.10 - expected version: ~8.0.11
[2026-02-23T01:02:41.328Z] [1]   expo-notifications@0.32.15 - expected version: ~0.32.16
[2026-02-23T01:02:41.329Z] [1]   expo-router@6.0.19 - expected version: ~6.0.23
[2026-02-23T01:02:41.329Z] [1]   expo-splash-screen@31.0.12 - expected version: ~31.0.13
[2026-02-23T01:02:41.329Z] [1]   expo-video@3.0.15 - expected version: ~3.0.16
[2026-02-23T01:02:41.330Z] [1] Your project may not work correctly until you install the expected versions of the packages.
[2026-02-23T01:02:41.335Z] [1] Waiting on http://localhost:8081
[2026-02-23T01:02:41.336Z] [1] Logs for your project will appear below.
[2026-02-23T01:02:42.228Z] [1] EXPO_USE_METRO_WORKSPACE_ROOT is enabled by default, use EXPO_NO_METRO_WORKSPACE_ROOT instead to disable.
[2026-02-23T01:02:42.230Z] [1] EXPO_USE_METRO_WORKSPACE_ROOT is enabled by default, use EXPO_NO_METRO_WORKSPACE_ROOT instead to disable.
[2026-02-23T01:02:42.703Z] [0] [OAuth] Initialized with baseURL: https://api.manus.im
[2026-02-23T01:02:42.854Z] [0] [api] server listening on port 3000
[2026-02-23T01:02:43.582Z] [1] EXPO_USE_METRO_WORKSPACE_ROOT is enabled by default, use EXPO_NO_METRO_WORKSPACE_ROOT instead to disable.
[2026-02-23T01:02:43.583Z] [1] EXPO_USE_METRO_WORKSPACE_ROOT is enabled by default, use EXPO_NO_METRO_WORKSPACE_ROOT instead to disable.
[2026-02-23T01:02:47.358Z] [1] EXPO_USE_METRO_WORKSPACE_ROOT is enabled by default, use EXPO_NO_METRO_WORKSPACE_ROOT instead to disable.
[2026-02-23T01:02:47.360Z] [1] EXPO_USE_METRO_WORKSPACE_ROOT is enabled by default, use EXPO_NO_METRO_WORKSPACE_ROOT instead to disable.
[2026-02-23T01:02:49.082Z] [1] EXPO_USE_METRO_WORKSPACE_ROOT is enabled by default, use EXPO_NO_METRO_WORKSPACE_ROOT instead to disable.
[2026-02-23T01:02:49.083Z] [1] EXPO_USE_METRO_WORKSPACE_ROOT is enabled by default, use EXPO_NO_METRO_WORKSPACE_ROOT instead to disable.
[2026-02-23T01:02:50.102Z] [1] EXPO_USE_METRO_WORKSPACE_ROOT is enabled by default, use EXPO_NO_METRO_WORKSPACE_ROOT instead to disable.
[2026-02-23T01:02:50.103Z] [1] EXPO_USE_METRO_WORKSPACE_ROOT is enabled by default, use EXPO_NO_METRO_WORKSPACE_ROOT instead to disable.
[2026-02-23T01:02:50.164Z] [1] EXPO_USE_METRO_WORKSPACE_ROOT is enabled by default, use EXPO_NO_METRO_WORKSPACE_ROOT instead to disable.
[2026-02-23T01:02:50.165Z] [1] EXPO_USE_METRO_WORKSPACE_ROOT is enabled by default, use EXPO_NO_METRO_WORKSPACE_ROOT instead to disable.
[2026-02-23T01:02:50.539Z] [1] EXPO_USE_METRO_WORKSPACE_ROOT is enabled by default, use EXPO_NO_METRO_WORKSPACE_ROOT instead to disable.
[2026-02-23T01:02:50.540Z] [1] EXPO_USE_METRO_WORKSPACE_ROOT is enabled by default, use EXPO_NO_METRO_WORKSPACE_ROOT instead to disable.
[2026-02-23T01:02:50.593Z] [1] EXPO_USE_METRO_WORKSPACE_ROOT is enabled by default, use EXPO_NO_METRO_WORKSPACE_ROOT instead to disable.
[2026-02-23T01:02:50.594Z] [1] EXPO_USE_METRO_WORKSPACE_ROOT is enabled by default, use EXPO_NO_METRO_WORKSPACE_ROOT instead to disable.
[2026-02-23T01:02:51.068Z] [1] EXPO_USE_METRO_WORKSPACE_ROOT is enabled by default, use EXPO_NO_METRO_WORKSPACE_ROOT instead to disable.
[2026-02-23T01:02:51.069Z] [1] EXPO_USE_METRO_WORKSPACE_ROOT is enabled by default, use EXPO_NO_METRO_WORKSPACE_ROOT instead to disable.
[2026-02-23T01:02:51.237Z] [1] /home/ubuntu/tap-tap-crypto-game/node_modules/@expo/cli/build/src/utils/errors.js:130
[2026-02-23T01:02:51.237Z] [1]     throw error;
[2026-02-23T01:02:51.238Z] [1]     ^
[2026-02-23T01:02:51.238Z] [1]
[2026-02-23T01:02:51.239Z] [1] Error: ENOSPC: System limit for number of file watchers reached, watch '/home/ubuntu/tap-tap-crypto-game/node_modules/react-native/ReactAndroid/src/main/java/com/facebook/react/modules/debug'
[2026-02-23T01:02:51.239Z] [1]     at FSWatcher.<computed> (node:internal/fs/watchers:247:19)
[2026-02-23T01:02:51.239Z] [1]     at Object.watch (node:fs:2550:36)
[2026-02-23T01:02:51.240Z] [1]     at FallbackWatcher._watchdir (/home/ubuntu/tap-tap-crypto-game/node_modules/metro-file-map/src/watchers/FallbackWatcher.js:119:33)
[2026-02-23T01:02:51.240Z] [1]     at /home/ubuntu/tap-tap-crypto-game/node_modules/metro-file-map/src/watchers/FallbackWatcher.js:54:16
[2026-02-23T01:02:51.240Z] [1]     at Walker.<anonymous> (/home/ubuntu/tap-tap-crypto-game/node_modules/metro-file-map/src/watchers/FallbackWatcher.js:358:5)
[2026-02-23T01:02:51.240Z] [1]     at Walker.emit (node:events:524:28)
[2026-02-23T01:02:51.241Z] [1]     at /home/ubuntu/tap-tap-crypto-game/node_modules/walker/lib/walker.js:69:16
[2026-02-23T01:02:51.241Z] [1]     at FSReqCallback.oncomplete (node:fs:188:23)
[2026-02-23T01:02:51.241Z] [1]     at FSReqCallback.callbackTrampoline (node:internal/async_hooks:130:17) {
[2026-02-23T01:02:51.242Z] [1]   errno: -28,
[2026-02-23T01:02:51.242Z] [1]   syscall: 'watch',
[2026-02-23T01:02:51.242Z] [1]   code: 'ENOSPC',
[2026-02-23T01:02:51.242Z] [1]   path: '/home/ubuntu/tap-tap-crypto-game/node_modules/react-native/ReactAndroid/src/main/java/com/facebook/react/modules/debug',
[2026-02-23T01:02:51.243Z] [1]   filename: '/home/ubuntu/tap-tap-crypto-game/node_modules/react-native/ReactAndroid/src/main/java/com/facebook/react/modules/debug'
[2026-02-23T01:02:51.243Z] [1] }
[2026-02-23T01:02:51.243Z] [1]
[2026-02-23T01:02:51.244Z] [1] Node.js v22.13.0
[2026-02-23T01:02:51.292Z] [1]  ELIFECYCLE  Command failed with exit code 7.
[2026-02-23T01:02:51.318Z] [1] pnpm dev:metro exited with code 7
[2026-02-23T01:02:51.318Z] --> Sending SIGTERM to other processes..
[2026-02-23T01:02:51.384Z] [0]  ELIFECYCLE  Command failed.
[2026-02-23T01:02:51.407Z] [0] 8:02:51 PM [tsx] Previous process hasn't exited yet. Force killing...
[2026-02-23T01:02:51.417Z] [0] pnpm dev:server exited with code SIGTERM
[2026-02-23T01:02:51.423Z] ELIFECYCLE  Command failed with exit code 1.
[2026-02-23T01:02:51.451Z] Dev server exited with code 1
[2026-02-23T01:04:20.141Z] Starting dev server with command: pnpm run dev
[2026-02-23T01:04:21.086Z] 
[2026-02-23T01:04:21.087Z] > app-template@1.0.0 dev /home/ubuntu/tap-tap-crypto-game
[2026-02-23T01:04:21.087Z] > concurrently -k "pnpm dev:server" "pnpm dev:metro"
[2026-02-23T01:04:21.087Z] 
[2026-02-23T01:04:21.808Z] [0]
[2026-02-23T01:04:21.809Z] [0] > app-template@1.0.0 dev:server /home/ubuntu/tap-tap-crypto-game
[2026-02-23T01:04:21.809Z] [0] > cross-env NODE_ENV=development tsx watch server/_core/index.ts
[2026-02-23T01:04:21.809Z] [0]
[2026-02-23T01:04:21.825Z] [1]
[2026-02-23T01:04:21.825Z] [1] > app-template@1.0.0 dev:metro /home/ubuntu/tap-tap-crypto-game
[2026-02-23T01:04:21.826Z] [1] > cross-env EXPO_USE_METRO_WORKSPACE_ROOT=1 npx expo start --web --port ${EXPO_PORT:-8081}
[2026-02-23T01:04:21.826Z] [1]
[2026-02-23T01:04:22.482Z] [1] Starting project at /home/ubuntu/tap-tap-crypto-game
[2026-02-23T01:04:22.976Z] [1] EXPO_USE_METRO_WORKSPACE_ROOT is enabled by default, use EXPO_NO_METRO_WORKSPACE_ROOT instead to disable.
[2026-02-23T01:04:23.412Z] [1] EXPO_USE_METRO_WORKSPACE_ROOT is enabled by default, use EXPO_NO_METRO_WORKSPACE_ROOT instead to disable.
[2026-02-23T01:04:23.412Z] [1] EXPO_USE_METRO_WORKSPACE_ROOT is enabled by default, use EXPO_NO_METRO_WORKSPACE_ROOT instead to disable.
[2026-02-23T01:04:23.413Z] [1] EXPO_USE_METRO_WORKSPACE_ROOT is enabled by default, use EXPO_NO_METRO_WORKSPACE_ROOT instead to disable.
[2026-02-23T01:04:23.730Z] [1] React Compiler enabled
[2026-02-23T01:04:23.901Z] [1] Starting Metro Bundler
[2026-02-23T01:04:23.943Z] [1] EXPO_USE_METRO_WORKSPACE_ROOT is enabled by default, use EXPO_NO_METRO_WORKSPACE_ROOT instead to disable.
[2026-02-23T01:04:24.338Z] [1] The following packages should be updated for best compatibility with the installed expo version:
[2026-02-23T01:04:24.339Z] [1]   expo@54.0.29 - expected version: ~54.0.33
[2026-02-23T01:04:24.339Z] [1]   expo-audio@1.1.0 - expected version: ~1.1.1
[2026-02-23T01:04:24.340Z] [1]   expo-constants@18.0.12 - expected version: ~18.0.13
[2026-02-23T01:04:24.340Z] [1]   expo-font@14.0.10 - expected version: ~14.0.11
[2026-02-23T01:04:24.341Z] [1]   expo-linking@8.0.10 - expected version: ~8.0.11
[2026-02-23T01:04:24.341Z] [1]   expo-notifications@0.32.15 - expected version: ~0.32.16
[2026-02-23T01:04:24.341Z] [1]   expo-router@6.0.19 - expected version: ~6.0.23
[2026-02-23T01:04:24.342Z] [1]   expo-splash-screen@31.0.12 - expected version: ~31.0.13
[2026-02-23T01:04:24.342Z] [1]   expo-video@3.0.15 - expected version: ~3.0.16
[2026-02-23T01:04:24.343Z] [1] Your project may not work correctly until you install the expected versions of the packages.
[2026-02-23T01:04:24.350Z] [1] Waiting on http://localhost:8081
[2026-02-23T01:04:24.351Z] [1] Logs for your project will appear below.
[2026-02-23T01:04:25.923Z] [0] [OAuth] Initialized with baseURL: https://api.manus.im
[2026-02-23T01:04:26.070Z] [0] [api] server listening on port 3000
[2026-02-23T01:04:36.221Z] [1] /home/ubuntu/tap-tap-crypto-game/node_modules/@expo/cli/build/src/utils/errors.js:130
[2026-02-23T01:04:36.222Z] [1]     throw error;
[2026-02-23T01:04:36.222Z] [1]     ^
[2026-02-23T01:04:36.223Z] [1]
[2026-02-23T01:04:36.223Z] [1] Error: ENOSPC: System limit for number of file watchers reached, watch '/home/ubuntu/tap-tap-crypto-game/node_modules/react-native/ReactAndroid/src/main/java/com/facebook/react/modules/fresco'
[2026-02-23T01:04:36.223Z] [1]     at FSWatcher.<computed> (node:internal/fs/watchers:247:19)
[2026-02-23T01:04:36.224Z] [1]     at Object.watch (node:fs:2550:36)
[2026-02-23T01:04:36.224Z] [1]     at FallbackWatcher._watchdir (/home/ubuntu/tap-tap-crypto-game/node_modules/metro-file-map/src/watchers/FallbackWatcher.js:119:33)
[2026-02-23T01:04:36.224Z] [1]     at /home/ubuntu/tap-tap-crypto-game/node_modules/metro-file-map/src/watchers/FallbackWatcher.js:54:16
[2026-02-23T01:04:36.225Z] [1]     at Walker.<anonymous> (/home/ubuntu/tap-tap-crypto-game/node_modules/metro-file-map/src/watchers/FallbackWatcher.js:358:5)
[2026-02-23T01:04:36.225Z] [1]     at Walker.emit (node:events:524:28)
[2026-02-23T01:04:36.225Z] [1]     at /home/ubuntu/tap-tap-crypto-game/node_modules/walker/lib/walker.js:69:16
[2026-02-23T01:04:36.226Z] [1]     at FSReqCallback.oncomplete (node:fs:188:23) {
[2026-02-23T01:04:36.226Z] [1]   errno: -28,
[2026-02-23T01:04:36.226Z] [1]   syscall: 'watch',
[2026-02-23T01:04:36.226Z] [1]   code: 'ENOSPC',
[2026-02-23T01:04:36.227Z] [1]   path: '/home/ubuntu/tap-tap-crypto-game/node_modules/react-native/ReactAndroid/src/main/java/com/facebook/react/modules/fresco',
[2026-02-23T01:04:36.227Z] [1]   filename: '/home/ubuntu/tap-tap-crypto-game/node_modules/react-native/ReactAndroid/src/main/java/com/facebook/react/modules/fresco'
[2026-02-23T01:04:36.227Z] [1] }
[2026-02-23T01:04:36.228Z] [1]
[2026-02-23T01:04:36.228Z] [1] Node.js v22.13.0
[2026-02-23T01:04:36.274Z] [1]  ELIFECYCLE  Command failed with exit code 7.
[2026-02-23T01:04:36.300Z] [1] pnpm dev:metro exited with code 7
[2026-02-23T01:04:36.301Z] --> Sending SIGTERM to other processes..
[2026-02-23T01:04:36.366Z] [0]  ELIFECYCLE  Command failed.
[2026-02-23T01:04:36.390Z] [0] 8:04:36 PM [tsx] Previous process hasn't exited yet. Force killing...
[2026-02-23T01:04:36.400Z] [0] pnpm dev:server exited with code SIGTERM
[2026-02-23T01:04:36.409Z] ELIFECYCLE  Command failed with exit code 1.
[2026-02-23T01:04:36.437Z] Dev server exited with code 1
[2026-02-23T01:04:46.695Z] Starting dev server with command: pnpm run dev
[2026-02-23T01:04:47.656Z] 
[2026-02-23T01:04:47.657Z] > app-template@1.0.0 dev /home/ubuntu/tap-tap-crypto-game
[2026-02-23T01:04:47.658Z] > concurrently -k "pnpm dev:server" "pnpm dev:metro"
[2026-02-23T01:04:47.658Z] 
[2026-02-23T01:04:48.394Z] [1]
[2026-02-23T01:04:48.395Z] [1] > app-template@1.0.0 dev:metro /home/ubuntu/tap-tap-crypto-game
[2026-02-23T01:04:48.395Z] [1] > cross-env EXPO_USE_METRO_WORKSPACE_ROOT=1 npx expo start --web --port ${EXPO_PORT:-8081}
[2026-02-23T01:04:48.395Z] [1]
[2026-02-23T01:04:48.396Z] [0]
[2026-02-23T01:04:48.397Z] [0] > app-template@1.0.0 dev:server /home/ubuntu/tap-tap-crypto-game
[2026-02-23T01:04:48.397Z] [0] > cross-env NODE_ENV=development tsx watch server/_core/index.ts
[2026-02-23T01:04:48.397Z] [0]
[2026-02-23T01:04:49.118Z] [1] Starting project at /home/ubuntu/tap-tap-crypto-game
[2026-02-23T01:04:49.673Z] [1] EXPO_USE_METRO_WORKSPACE_ROOT is enabled by default, use EXPO_NO_METRO_WORKSPACE_ROOT instead to disable.
[2026-02-23T01:04:50.119Z] [1] EXPO_USE_METRO_WORKSPACE_ROOT is enabled by default, use EXPO_NO_METRO_WORKSPACE_ROOT instead to disable.
[2026-02-23T01:04:50.120Z] [1] EXPO_USE_METRO_WORKSPACE_ROOT is enabled by default, use EXPO_NO_METRO_WORKSPACE_ROOT instead to disable.
[2026-02-23T01:04:50.121Z] [1] EXPO_USE_METRO_WORKSPACE_ROOT is enabled by default, use EXPO_NO_METRO_WORKSPACE_ROOT instead to disable.
[2026-02-23T01:04:50.453Z] [1] React Compiler enabled
[2026-02-23T01:04:50.637Z] [1] Starting Metro Bundler
[2026-02-23T01:04:50.683Z] [1] EXPO_USE_METRO_WORKSPACE_ROOT is enabled by default, use EXPO_NO_METRO_WORKSPACE_ROOT instead to disable.
[2026-02-23T01:04:51.005Z] [1] The following packages should be updated for best compatibility with the installed expo version:
[2026-02-23T01:04:51.006Z] [1]   expo@54.0.29 - expected version: ~54.0.33
[2026-02-23T01:04:51.006Z] [1]   expo-audio@1.1.0 - expected version: ~1.1.1
[2026-02-23T01:04:51.007Z] [1]   expo-constants@18.0.12 - expected version: ~18.0.13
[2026-02-23T01:04:51.007Z] [1]   expo-font@14.0.10 - expected version: ~14.0.11
[2026-02-23T01:04:51.007Z] [1]   expo-linking@8.0.10 - expected version: ~8.0.11
[2026-02-23T01:04:51.007Z] [1]   expo-notifications@0.32.15 - expected version: ~0.32.16
[2026-02-23T01:04:51.008Z] [1]   expo-router@6.0.19 - expected version: ~6.0.23
[2026-02-23T01:04:51.008Z] [1]   expo-splash-screen@31.0.12 - expected version: ~31.0.13
[2026-02-23T01:04:51.008Z] [1]   expo-video@3.0.15 - expected version: ~3.0.16
[2026-02-23T01:04:51.009Z] [1] Your project may not work correctly until you install the expected versions of the packages.
[2026-02-23T01:04:51.014Z] [1] Waiting on http://localhost:8081
[2026-02-23T01:04:51.015Z] [1] Logs for your project will appear below.
[2026-02-23T01:04:51.396Z] [1] EXPO_USE_METRO_WORKSPACE_ROOT is enabled by default, use EXPO_NO_METRO_WORKSPACE_ROOT instead to disable.
[2026-02-23T01:04:51.399Z] [1] EXPO_USE_METRO_WORKSPACE_ROOT is enabled by default, use EXPO_NO_METRO_WORKSPACE_ROOT instead to disable.
[2026-02-23T01:04:51.407Z] [1] EXPO_USE_METRO_WORKSPACE_ROOT is enabled by default, use EXPO_NO_METRO_WORKSPACE_ROOT instead to disable.
[2026-02-23T01:04:51.409Z] [1] EXPO_USE_METRO_WORKSPACE_ROOT is enabled by default, use EXPO_NO_METRO_WORKSPACE_ROOT instead to disable.
[2026-02-23T01:04:51.653Z] [1] EXPO_USE_METRO_WORKSPACE_ROOT is enabled by default, use EXPO_NO_METRO_WORKSPACE_ROOT instead to disable.
[2026-02-23T01:04:51.655Z] [1] EXPO_USE_METRO_WORKSPACE_ROOT is enabled by default, use EXPO_NO_METRO_WORKSPACE_ROOT instead to disable.
[2026-02-23T01:04:52.433Z] [0] [OAuth] Initialized with baseURL: https://api.manus.im
[2026-02-23T01:04:52.577Z] [0] [api] server listening on port 3000
[2026-02-23T01:05:01.422Z] [1] /home/ubuntu/tap-tap-crypto-game/node_modules/@expo/cli/build/src/utils/errors.js:130
[2026-02-23T01:05:01.423Z] [1]     throw error;
[2026-02-23T01:05:01.424Z] [1]     ^
[2026-02-23T01:05:01.424Z] [1]
[2026-02-23T01:05:01.424Z] [1] Error: ENOSPC: System limit for number of file watchers reached, watch '/home/ubuntu/tap-tap-crypto-game/node_modules/react-native/ReactAndroid/src/main/java/com/facebook/react/modules/devloading'
[2026-02-23T01:05:01.425Z] [1]     at FSWatcher.<computed> (node:internal/fs/watchers:247:19)
[2026-02-23T01:05:01.425Z] [1]     at Object.watch (node:fs:2550:36)
[2026-02-23T01:05:01.426Z] [1]     at FallbackWatcher._watchdir (/home/ubuntu/tap-tap-crypto-game/node_modules/metro-file-map/src/watchers/FallbackWatcher.js:119:33)
[2026-02-23T01:05:01.426Z] [1]     at /home/ubuntu/tap-tap-crypto-game/node_modules/metro-file-map/src/watchers/FallbackWatcher.js:54:16
[2026-02-23T01:05:01.427Z] [1]     at Walker.<anonymous> (/home/ubuntu/tap-tap-crypto-game/node_modules/metro-file-map/src/watchers/FallbackWatcher.js:358:5)
[2026-02-23T01:05:01.427Z] [1]     at Walker.emit (node:events:524:28)
[2026-02-23T01:05:01.427Z] [1]     at /home/ubuntu/tap-tap-crypto-game/node_modules/walker/lib/walker.js:69:16
[2026-02-23T01:05:01.428Z] [1]     at FSReqCallback.oncomplete (node:fs:188:23)
[2026-02-23T01:05:01.428Z] [1]     at FSReqCallback.callbackTrampoline (node:internal/async_hooks:130:17) {
[2026-02-23T01:05:01.428Z] [1]   errno: -28,
[2026-02-23T01:05:01.429Z] [1]   syscall: 'watch',
[2026-02-23T01:05:01.429Z] [1]   code: 'ENOSPC',
[2026-02-23T01:05:01.429Z] [1]   path: '/home/ubuntu/tap-tap-crypto-game/node_modules/react-native/ReactAndroid/src/main/java/com/facebook/react/modules/devloading',
[2026-02-23T01:05:01.430Z] [1]   filename: '/home/ubuntu/tap-tap-crypto-game/node_modules/react-native/ReactAndroid/src/main/java/com/facebook/react/modules/devloading'
[2026-02-23T01:05:01.430Z] [1] }
[2026-02-23T01:05:01.430Z] [1]
[2026-02-23T01:05:01.431Z] [1] Node.js v22.13.0
[2026-02-23T01:05:01.473Z] [1]  ELIFECYCLE  Command failed with exit code 7.
[2026-02-23T01:05:01.502Z] [1] pnpm dev:metro exited with code 7
[2026-02-23T01:05:01.503Z] --> Sending SIGTERM to other processes..
[2026-02-23T01:05:01.573Z] [0]  ELIFECYCLE  Command failed.
[2026-02-23T01:05:01.595Z] [0] 8:05:01 PM [tsx] Previous process hasn't exited yet. Force killing...
[2026-02-23T01:05:01.606Z] [0] pnpm dev:server exited with code SIGTERM
[2026-02-23T01:05:01.615Z] ELIFECYCLE  Command failed with exit code 1.
[2026-02-23T01:05:01.650Z] Dev server exited with code 1
[2026-02-23T01:05:59.246Z] Starting dev server with command: pnpm run dev
[2026-02-23T01:06:00.145Z] 
[2026-02-23T01:06:00.146Z] > app-template@1.0.0 dev /home/ubuntu/tap-tap-crypto-game
[2026-02-23T01:06:00.147Z] > concurrently -k "pnpm dev:server" "pnpm dev:metro"
[2026-02-23T01:06:00.147Z] 
[2026-02-23T01:06:00.864Z] [1]
[2026-02-23T01:06:00.865Z] [1] > app-template@1.0.0 dev:metro /home/ubuntu/tap-tap-crypto-game
[2026-02-23T01:06:00.865Z] [1] > cross-env EXPO_USE_METRO_WORKSPACE_ROOT=1 npx expo start --web --port ${EXPO_PORT:-8081}
[2026-02-23T01:06:00.866Z] [1]
[2026-02-23T01:06:00.867Z] [0]
[2026-02-23T01:06:00.868Z] [0] > app-template@1.0.0 dev:server /home/ubuntu/tap-tap-crypto-game
[2026-02-23T01:06:00.868Z] [0] > cross-env NODE_ENV=development tsx watch server/_core/index.ts
[2026-02-23T01:06:00.869Z] [0]
[2026-02-23T01:06:01.565Z] [1] Starting project at /home/ubuntu/tap-tap-crypto-game
[2026-02-23T01:06:02.019Z] [1] EXPO_USE_METRO_WORKSPACE_ROOT is enabled by default, use EXPO_NO_METRO_WORKSPACE_ROOT instead to disable.
[2026-02-23T01:06:02.430Z] [1] EXPO_USE_METRO_WORKSPACE_ROOT is enabled by default, use EXPO_NO_METRO_WORKSPACE_ROOT instead to disable.
[2026-02-23T01:06:02.431Z] [1] EXPO_USE_METRO_WORKSPACE_ROOT is enabled by default, use EXPO_NO_METRO_WORKSPACE_ROOT instead to disable.
[2026-02-23T01:06:02.431Z] [1] EXPO_USE_METRO_WORKSPACE_ROOT is enabled by default, use EXPO_NO_METRO_WORKSPACE_ROOT instead to disable.
[2026-02-23T01:06:02.723Z] [1] React Compiler enabled
[2026-02-23T01:06:02.867Z] [1] Starting Metro Bundler
[2026-02-23T01:06:02.907Z] [1] EXPO_USE_METRO_WORKSPACE_ROOT is enabled by default, use EXPO_NO_METRO_WORKSPACE_ROOT instead to disable.
[2026-02-23T01:06:03.001Z] [1] EXPO_USE_METRO_WORKSPACE_ROOT is enabled by default, use EXPO_NO_METRO_WORKSPACE_ROOT instead to disable.
[2026-02-23T01:06:03.003Z] [1] EXPO_USE_METRO_WORKSPACE_ROOT is enabled by default, use EXPO_NO_METRO_WORKSPACE_ROOT instead to disable.
[2026-02-23T01:06:03.346Z] [1] The following packages should be updated for best compatibility with the installed expo version:
[2026-02-23T01:06:03.347Z] [1]   expo@54.0.29 - expected version: ~54.0.33
[2026-02-23T01:06:03.347Z] [1]   expo-audio@1.1.0 - expected version: ~1.1.1
[2026-02-23T01:06:03.348Z] [1]   expo-constants@18.0.12 - expected version: ~18.0.13
[2026-02-23T01:06:03.348Z] [1]   expo-font@14.0.10 - expected version: ~14.0.11
[2026-02-23T01:06:03.349Z] [1]   expo-linking@8.0.10 - expected version: ~8.0.11
[2026-02-23T01:06:03.349Z] [1]   expo-notifications@0.32.15 - expected version: ~0.32.16
[2026-02-23T01:06:03.349Z] [1]   expo-router@6.0.19 - expected version: ~6.0.23
[2026-02-23T01:06:03.350Z] [1]   expo-splash-screen@31.0.12 - expected version: ~31.0.13
[2026-02-23T01:06:03.350Z] [1]   expo-video@3.0.15 - expected version: ~3.0.16
[2026-02-23T01:06:03.351Z] [1] Your project may not work correctly until you install the expected versions of the packages.
[2026-02-23T01:06:03.354Z] [1] Waiting on http://localhost:8081
[2026-02-23T01:06:03.355Z] [1] Logs for your project will appear below.
[2026-02-23T01:06:04.227Z] [1] EXPO_USE_METRO_WORKSPACE_ROOT is enabled by default, use EXPO_NO_METRO_WORKSPACE_ROOT instead to disable.
[2026-02-23T01:06:04.229Z] [1] EXPO_USE_METRO_WORKSPACE_ROOT is enabled by default, use EXPO_NO_METRO_WORKSPACE_ROOT instead to disable.
[2026-02-23T01:06:04.579Z] [0] [OAuth] Initialized with baseURL: https://api.manus.im
[2026-02-23T01:06:04.737Z] [0] [api] server listening on port 3000
[2026-02-23T01:06:13.238Z] [1] EXPO_USE_METRO_WORKSPACE_ROOT is enabled by default, use EXPO_NO_METRO_WORKSPACE_ROOT instead to disable.
[2026-02-23T01:06:13.240Z] [1] EXPO_USE_METRO_WORKSPACE_ROOT is enabled by default, use EXPO_NO_METRO_WORKSPACE_ROOT instead to disable.
[2026-02-23T01:06:13.955Z] [1] /home/ubuntu/tap-tap-crypto-game/node_modules/@expo/cli/build/src/utils/errors.js:130
[2026-02-23T01:06:13.956Z] [1]     throw error;
[2026-02-23T01:06:13.957Z] [1]     ^
[2026-02-23T01:06:13.957Z] [1]
[2026-02-23T01:06:13.957Z] [1] Error: ENOSPC: System limit for number of file watchers reached, watch '/home/ubuntu/tap-tap-crypto-game/node_modules/react-native/ReactAndroid/src/main/java/com/facebook/react/modules/debug'
[2026-02-23T01:06:13.958Z] [1]     at FSWatcher.<computed> (node:internal/fs/watchers:247:19)
[2026-02-23T01:06:13.958Z] [1]     at Object.watch (node:fs:2550:36)
[2026-02-23T01:06:13.958Z] [1]     at FallbackWatcher._watchdir (/home/ubuntu/tap-tap-crypto-game/node_modules/metro-file-map/src/watchers/FallbackWatcher.js:119:33)
[2026-02-23T01:06:13.958Z] [1]     at /home/ubuntu/tap-tap-crypto-game/node_modules/metro-file-map/src/watchers/FallbackWatcher.js:54:16
[2026-02-23T01:06:13.959Z] [1]     at Walker.<anonymous> (/home/ubuntu/tap-tap-crypto-game/node_modules/metro-file-map/src/watchers/FallbackWatcher.js:358:5)
[2026-02-23T01:06:13.959Z] [1]     at Walker.emit (node:events:524:28)
[2026-02-23T01:06:13.959Z] [1]     at /home/ubuntu/tap-tap-crypto-game/node_modules/walker/lib/walker.js:69:16
[2026-02-23T01:06:13.960Z] [1]     at FSReqCallback.oncomplete (node:fs:188:23)
[2026-02-23T01:06:13.960Z] [1]     at FSReqCallback.callbackTrampoline (node:internal/async_hooks:130:17) {
[2026-02-23T01:06:13.960Z] [1]   errno: -28,
[2026-02-23T01:06:13.961Z] [1]   syscall: 'watch',
[2026-02-23T01:06:13.961Z] [1]   code: 'ENOSPC',
[2026-02-23T01:06:13.962Z] [1]   path: '/home/ubuntu/tap-tap-crypto-game/node_modules/react-native/ReactAndroid/src/main/java/com/facebook/react/modules/debug',
[2026-02-23T01:06:13.962Z] [1]   filename: '/home/ubuntu/tap-tap-crypto-game/node_modules/react-native/ReactAndroid/src/main/java/com/facebook/react/modules/debug'
[2026-02-23T01:06:13.962Z] [1] }
[2026-02-23T01:06:13.963Z] [1]
[2026-02-23T01:06:13.963Z] [1] Node.js v22.13.0
[2026-02-23T01:06:14.041Z] [1]  ELIFECYCLE  Command failed with exit code 7.
[2026-02-23T01:06:14.069Z] [1] pnpm dev:metro exited with code 7
[2026-02-23T01:06:14.070Z] --> Sending SIGTERM to other processes..
[2026-02-23T01:06:14.143Z] [0]  ELIFECYCLE  Command failed.
[2026-02-23T01:06:14.169Z] [0] 8:06:14 PM [tsx] Previous process hasn't exited yet. Force killing...
[2026-02-23T01:06:14.182Z] [0] pnpm dev:server exited with code SIGTERM
[2026-02-23T01:06:14.190Z] ELIFECYCLE  Command failed with exit code 1.
[2026-02-23T01:06:14.227Z] Dev server exited with code 1
[2026-02-23T01:07:56.043Z] Starting dev server with command: pnpm run dev
[2026-02-23T01:07:57.063Z] 
[2026-02-23T01:07:57.064Z] > app-template@1.0.0 dev /home/ubuntu/tap-tap-crypto-game
[2026-02-23T01:07:57.064Z] > concurrently -k "pnpm dev:server" "pnpm dev:metro"
[2026-02-23T01:07:57.064Z] 
[2026-02-23T01:07:57.810Z] [0]
[2026-02-23T01:07:57.811Z] [0] > app-template@1.0.0 dev:server /home/ubuntu/tap-tap-crypto-game
[2026-02-23T01:07:57.812Z] [0] > cross-env NODE_ENV=development tsx watch server/_core/index.ts
[2026-02-23T01:07:57.812Z] [0]
[2026-02-23T01:07:57.873Z] [1]
[2026-02-23T01:07:57.874Z] [1] > app-template@1.0.0 dev:metro /home/ubuntu/tap-tap-crypto-game
[2026-02-23T01:07:57.875Z] [1] > cross-env EXPO_USE_METRO_WORKSPACE_ROOT=1 npx expo start --web --port ${EXPO_PORT:-8081}
[2026-02-23T01:07:57.877Z] [1]
[2026-02-23T01:07:58.606Z] [1] Starting project at /home/ubuntu/tap-tap-crypto-game
[2026-02-23T01:07:59.173Z] [1] EXPO_USE_METRO_WORKSPACE_ROOT is enabled by default, use EXPO_NO_METRO_WORKSPACE_ROOT instead to disable.
[2026-02-23T01:07:59.610Z] [1] EXPO_USE_METRO_WORKSPACE_ROOT is enabled by default, use EXPO_NO_METRO_WORKSPACE_ROOT instead to disable.
[2026-02-23T01:07:59.611Z] [1] EXPO_USE_METRO_WORKSPACE_ROOT is enabled by default, use EXPO_NO_METRO_WORKSPACE_ROOT instead to disable.
[2026-02-23T01:07:59.612Z] [1] EXPO_USE_METRO_WORKSPACE_ROOT is enabled by default, use EXPO_NO_METRO_WORKSPACE_ROOT instead to disable.
[2026-02-23T01:07:59.915Z] [1] React Compiler enabled
[2026-02-23T01:08:00.069Z] [1] Starting Metro Bundler
[2026-02-23T01:08:00.125Z] [1] EXPO_USE_METRO_WORKSPACE_ROOT is enabled by default, use EXPO_NO_METRO_WORKSPACE_ROOT instead to disable.
[2026-02-23T01:08:00.495Z] [1] The following packages should be updated for best compatibility with the installed expo version:
[2026-02-23T01:08:00.496Z] [1]   expo@54.0.29 - expected version: ~54.0.33
[2026-02-23T01:08:00.497Z] [1]   expo-audio@1.1.0 - expected version: ~1.1.1
[2026-02-23T01:08:00.498Z] [1]   expo-constants@18.0.12 - expected version: ~18.0.13
[2026-02-23T01:08:00.498Z] [1]   expo-font@14.0.10 - expected version: ~14.0.11
[2026-02-23T01:08:00.499Z] [1]   expo-linking@8.0.10 - expected version: ~8.0.11
[2026-02-23T01:08:00.499Z] [1]   expo-notifications@0.32.15 - expected version: ~0.32.16
[2026-02-23T01:08:00.499Z] [1]   expo-router@6.0.19 - expected version: ~6.0.23
[2026-02-23T01:08:00.500Z] [1]   expo-splash-screen@31.0.12 - expected version: ~31.0.13
[2026-02-23T01:08:00.500Z] [1]   expo-video@3.0.15 - expected version: ~3.0.16
[2026-02-23T01:08:00.501Z] [1] Your project may not work correctly until you install the expected versions of the packages.
[2026-02-23T01:08:00.505Z] [1] Waiting on http://localhost:8081
[2026-02-23T01:08:00.506Z] [1] Logs for your project will appear below.
[2026-02-23T01:08:00.731Z] [1] EXPO_USE_METRO_WORKSPACE_ROOT is enabled by default, use EXPO_NO_METRO_WORKSPACE_ROOT instead to disable.
[2026-02-23T01:08:00.733Z] [1] EXPO_USE_METRO_WORKSPACE_ROOT is enabled by default, use EXPO_NO_METRO_WORKSPACE_ROOT instead to disable.
[2026-02-23T01:08:01.611Z] [0] [OAuth] Initialized with baseURL: https://api.manus.im
[2026-02-23T01:08:01.702Z] [1] EXPO_USE_METRO_WORKSPACE_ROOT is enabled by default, use EXPO_NO_METRO_WORKSPACE_ROOT instead to disable.
[2026-02-23T01:08:01.704Z] [1] EXPO_USE_METRO_WORKSPACE_ROOT is enabled by default, use EXPO_NO_METRO_WORKSPACE_ROOT instead to disable.
[2026-02-23T01:08:01.743Z] [0] [api] server listening on port 3000
[2026-02-23T01:08:02.823Z] [1] EXPO_USE_METRO_WORKSPACE_ROOT is enabled by default, use EXPO_NO_METRO_WORKSPACE_ROOT instead to disable.
[2026-02-23T01:08:02.826Z] [1] EXPO_USE_METRO_WORKSPACE_ROOT is enabled by default, use EXPO_NO_METRO_WORKSPACE_ROOT instead to disable.
[2026-02-23T01:08:10.754Z] [1] Web node_modules/expo-router/entry.js ░░░░░░░░░░░░░░░░  0.0% (0/1)
[2026-02-23T01:08:10.755Z] [1] λ node_modules/expo-router/node/render.js ░░░░░░░░░░░░░░░░  0.0% (0/1)
[2026-02-23T01:08:10.756Z] [1] Web node_modules/expo-router/entry.js ░░░░░░░░░░░░░░░░  0.0% (0/1)
[2026-02-23T01:08:10.756Z] [1] λ node_modules/expo-router/node/render.js ░░░░░░░░░░░░░░░░  0.0% (0/1)
[2026-02-23T01:08:10.757Z] [1] Web node_modules/expo-router/entry.js ░░░░░░░░░░░░░░░░  0.0% (0/1)
[2026-02-23T01:08:10.757Z] [1] λ node_modules/expo-router/node/render.js ░░░░░░░░░░░░░░░░  0.0% (0/1)
[2026-02-23T01:08:14.260Z] [1] Web node_modules/expo-router/entry.js ▓▓▓▓▓▓▓▓▓▓░░░░░░ 64.0% ( 8/10)
[2026-02-23T01:08:14.261Z] [1] λ node_modules/expo-router/node/render.js ░░░░░░░░░░░░░░░░  3.4% ( 29/158)
[2026-02-23T01:08:14.261Z] [1] Web node_modules/expo-router/entry.js ░░░░░░░░░░░░░░░░  0.0% (0/1)
[2026-02-23T01:08:14.261Z] [1] λ node_modules/expo-router/node/render.js ░░░░░░░░░░░░░░░░  0.0% (0/1)
[2026-02-23T01:08:14.262Z] [1] Web node_modules/expo-router/entry.js ░░░░░░░░░░░░░░░░  0.0% (0/1)
[2026-02-23T01:08:14.262Z] [1] λ node_modules/expo-router/node/render.js ░░░░░░░░░░░░░░░░  0.0% (0/1)
[2026-02-23T01:08:17.783Z] [1] Web node_modules/expo-router/entry.js ▓▓▓▓▓▓▓▓▓▓░░░░░░ 64.0% (105/275)
[2026-02-23T01:08:17.784Z] [1] λ node_modules/expo-router/node/render.js ▓▓▓▓▓▓▓▓░░░░░░░░ 50.8% (372/522)
[2026-02-23T01:08:17.784Z] [1] Web node_modules/expo-router/entry.js ░░░░░░░░░░░░░░░░  0.0% (0/1)
[2026-02-23T01:08:17.785Z] [1] λ node_modules/expo-router/node/render.js ░░░░░░░░░░░░░░░░  0.0% (0/1)
[2026-02-23T01:08:17.785Z] [1] Web node_modules/expo-router/entry.js ░░░░░░░░░░░░░░░░  0.0% (0/1)
[2026-02-23T01:08:17.785Z] [1] λ node_modules/expo-router/node/render.js ░░░░░░░░░░░░░░░░  0.0% (0/1)
[2026-02-23T01:08:21.321Z] [1] Web node_modules/expo-router/entry.js ▓▓▓▓▓▓▓▓▓▓░░░░░░ 64.0% (248/431)
[2026-02-23T01:08:21.323Z] [1] λ node_modules/expo-router/node/render.js ▓▓▓▓▓▓▓▓▓▓░░░░░░ 64.2% (578/773)
[2026-02-23T01:08:21.323Z] [1] Web node_modules/expo-router/entry.js ░░░░░░░░░░░░░░░░  0.0% (0/1)
[2026-02-23T01:08:21.323Z] [1] λ node_modules/expo-router/node/render.js ░░░░░░░░░░░░░░░░  0.0% (0/1)
[2026-02-23T01:08:21.324Z] [1] Web node_modules/expo-router/entry.js ░░░░░░░░░░░░░░░░  0.0% (0/1)
[2026-02-23T01:08:21.324Z] [1] λ node_modules/expo-router/node/render.js ░░░░░░░░░░░░░░░░  0.0% (0/1)
[2026-02-23T01:08:24.822Z] [1] Web node_modules/expo-router/entry.js ▓▓▓▓▓▓▓▓▓▓░░░░░░ 64.0% (444/663)
[2026-02-23T01:08:24.822Z] [1] λ node_modules/expo-router/node/render.js ▓▓▓▓▓▓▓▓▓▓░░░░░░ 64.2% (760/951)
[2026-02-23T01:08:24.823Z] [1] Web node_modules/expo-router/entry.js ░░░░░░░░░░░░░░░░  0.0% (0/1)
[2026-02-23T01:08:24.823Z] [1] λ node_modules/expo-router/node/render.js ░░░░░░░░░░░░░░░░  0.0% (0/1)
[2026-02-23T01:08:24.823Z] [1] Web node_modules/expo-router/entry.js ░░░░░░░░░░░░░░░░  0.0% (0/1)
[2026-02-23T01:08:24.824Z] [1] λ node_modules/expo-router/node/render.js ░░░░░░░░░░░░░░░░  0.0% (0/1)
[2026-02-23T01:08:28.321Z] [1] Web node_modules/expo-router/entry.js ▓▓▓▓▓▓▓▓▓▓░░░░░░ 64.0% (645/877)
[2026-02-23T01:08:28.322Z] [1] λ node_modules/expo-router/node/render.js ▓▓▓▓▓▓▓▓▓▓▓▓░░░░ 75.7% ( 943/1084)
[2026-02-23T01:08:28.323Z] [1] Web node_modules/expo-router/entry.js ░░░░░░░░░░░░░░░░  0.0% (0/1)
[2026-02-23T01:08:28.323Z] [1] λ node_modules/expo-router/node/render.js ░░░░░░░░░░░░░░░░  0.0% (0/1)
[2026-02-23T01:08:28.323Z] [1] Web node_modules/expo-router/entry.js ░░░░░░░░░░░░░░░░  0.0% (0/1)
[2026-02-23T01:08:28.323Z] [1] λ node_modules/expo-router/node/render.js ░░░░░░░░░░░░░░░░  0.0% (0/1)
[2026-02-23T01:08:31.828Z] [1] Web node_modules/expo-router/entry.js ▓▓▓▓▓▓▓▓▓▓░░░░░░ 64.0% ( 863/1079)
[2026-02-23T01:08:31.829Z] [1] λ node_modules/expo-router/node/render.js ▓▓▓▓▓▓▓▓▓▓▓▓▓▓░░ 89.5% (1086/1153)
[2026-02-23T01:08:31.830Z] [1] Web node_modules/expo-router/entry.js ░░░░░░░░░░░░░░░░  0.0% (0/1)
[2026-02-23T01:08:31.830Z] [1] λ node_modules/expo-router/node/render.js ░░░░░░░░░░░░░░░░  0.0% (0/1)
[2026-02-23T01:08:31.831Z] [1] Web node_modules/expo-router/entry.js ░░░░░░░░░░░░░░░░  0.0% (0/1)
[2026-02-23T01:08:31.831Z] [1] λ node_modules/expo-router/node/render.js ░░░░░░░░░░░░░░░░  0.0% (0/1)
[2026-02-23T01:08:35.357Z] [1] Web node_modules/expo-router/entry.js ▓▓▓▓▓▓▓▓▓▓▓▓▓░░░ 87.3% (1170/1264)
[2026-02-23T01:08:35.358Z] [1] λ node_modules/expo-router/node/render.js ▓▓▓▓▓▓▓▓▓▓▓▓▓▓▓░ 95.1% (1230/1261)
[2026-02-23T01:08:35.358Z] [1] Web node_modules/expo-router/entry.js ░░░░░░░░░░░░░░░░  0.0% (0/1)
[2026-02-23T01:08:35.358Z] [1] λ node_modules/expo-router/node/render.js ░░░░░░░░░░░░░░░░  0.0% (0/1)
[2026-02-23T01:08:35.359Z] [1] Web node_modules/expo-router/entry.js ░░░░░░░░░░░░░░░░  0.0% (0/1)
[2026-02-23T01:08:35.359Z] [1] λ node_modules/expo-router/node/render.js ░░░░░░░░░░░░░░░░  0.0% (0/1)
[2026-02-23T01:08:36.857Z] [1] λ Bundled 26118ms node_modules/expo-router/node/render.js (1356 modules)
[2026-02-23T01:08:37.321Z] [1] λ Bundled 26246ms node_modules/expo-router/node/render.js (1 module)
[2026-02-23T01:08:37.321Z] [1] λ Bundled 26339ms node_modules/expo-router/node/render.js (1 module)
[2026-02-23T01:08:40.083Z] [1] λ  WARN  props.pointerEvents is deprecated. Use style.pointerEvents
[2026-02-23T01:08:40.320Z] [1] λ  WARN  props.pointerEvents is deprecated. Use style.pointerEvents
[2026-02-23T01:08:40.544Z] [1] λ  WARN  props.pointerEvents is deprecated. Use style.pointerEvents
[2026-02-23T01:08:40.563Z] [1] Web node_modules/expo-router/entry.js ▓▓▓▓▓▓▓▓▓▓▓▓▓▓▓░ 99.9% (1396/1397)
[2026-02-23T01:08:40.564Z] [1] Web node_modules/expo-router/entry.js ░░░░░░░░░░░░░░░░  0.0% (0/1)
[2026-02-23T01:08:40.565Z] [1] Web node_modules/expo-router/entry.js ░░░░░░░░░░░░░░░░  0.0% (0/1)
[2026-02-23T01:08:40.957Z] [1] Web Bundled 30222ms node_modules/expo-router/entry.js (1404 modules)
[2026-02-23T01:08:41.049Z] [1] Web Bundled 30270ms node_modules/expo-router/entry.js (1 module)
[2026-02-23T01:08:41.050Z] [1] Web Bundled 30312ms node_modules/expo-router/entry.js (1 module)
[2026-02-23T01:08:41.092Z] [1] Error: Premature close
[2026-02-23T01:08:41.093Z] [1]     at onclose (node:internal/streams/end-of-stream:158:30)
[2026-02-23T01:08:41.093Z] [1]     at processTicksAndRejections (node:internal/process/task_queues:85:11)
[2026-02-23T01:08:41.093Z] [1] Error: Premature close
[2026-02-23T01:08:41.094Z] [1]     at onclose (node:internal/streams/end-of-stream:158:30)
[2026-02-23T01:08:41.094Z] [1]     at processTicksAndRejections (node:internal/process/task_queues:85:11)
[2026-02-23T01:08:42.987Z] [1] EXPO_USE_METRO_WORKSPACE_ROOT is enabled by default, use EXPO_NO_METRO_WORKSPACE_ROOT instead to disable.
[2026-02-23T01:08:43.283Z] [1] EXPO_USE_METRO_WORKSPACE_ROOT is enabled by default, use EXPO_NO_METRO_WORKSPACE_ROOT instead to disable.
[2026-02-23T01:08:43.430Z] [1] λ Bundled 42ms node_modules/expo-router/node/render.js (1 module)
[2026-02-23T01:08:43.774Z] [1] λ  WARN  props.pointerEvents is deprecated. Use style.pointerEvents
[2026-02-23T01:08:43.822Z] [1] Web Bundled 535ms node_modules/expo-router/entry.js (1 module)
[2026-02-23T01:08:44.065Z] [1] Web node_modules/expo-router/entry.js ░░░░░░░░░░░░░░░░  0.0% (0/1)
[2026-02-23T01:08:47.585Z] [1] Web node_modules/expo-router/entry.js ▓▓▓▓▓▓░░░░░░░░░░ 38.1% (439/766)
[2026-02-23T01:08:50.054Z] [1] EXPO_USE_METRO_WORKSPACE_ROOT is enabled by default, use EXPO_NO_METRO_WORKSPACE_ROOT instead to disable.
[2026-02-23T01:08:50.088Z] [1] EXPO_USE_METRO_WORKSPACE_ROOT is enabled by default, use EXPO_NO_METRO_WORKSPACE_ROOT instead to disable.
[2026-02-23T01:08:50.211Z] [1] λ Bundled 120ms node_modules/expo-router/node/render.js (1 module)
[2026-02-23T01:08:53.929Z] [1] Web node_modules/expo-router/entry.js ▓▓▓▓▓▓▓▓░░░░░░░░ 55.1% ( 755/1017)
[2026-02-23T01:08:54.141Z] [1] Web node_modules/expo-router/entry.js ░░░░░░░░░░░░░░░░  0.0% (0/1)
[2026-02-23T01:08:57.478Z] [1] Web node_modules/expo-router/entry.js ▓▓▓▓▓▓▓▓░░░░░░░░ 56.1% ( 776/1036)
[2026-02-23T01:08:57.491Z] [1] Web node_modules/expo-router/entry.js ░░░░░░░░░░░░░░░░  0.0% (0/1)
[2026-02-23T01:08:58.975Z] [1] λ  WARN  props.pointerEvents is deprecated. Use style.pointerEvents
[2026-02-23T01:08:58.995Z] [1] Web Bundled 8921ms node_modules/expo-router/entry.js (1 module)
[2026-02-23T01:08:59.114Z] [1] Error: Premature close
[2026-02-23T01:08:59.116Z] [1]     at onclose (node:internal/streams/end-of-stream:158:30)
[2026-02-23T01:08:59.117Z] [1]     at processTicksAndRejections (node:internal/process/task_queues:85:11)
[2026-02-23T01:09:00.968Z] [1] Web node_modules/expo-router/entry.js ▓▓▓▓▓▓▓▓▓▓▓▓░░░░ 81.0% (1039/1166)
[2026-02-23T01:09:03.862Z] [1] Web Bundled 22619ms node_modules/expo-router/entry.js (1406 modules)
[2026-02-23T01:09:05.094Z] [1]  LOG  [web] Logs will appear in the browser console
[2026-02-23T01:11:29.156Z] [0] [Auth] Missing session cookie
[2026-02-23T01:11:32.650Z] [0] [Auth] Missing session cookie
[2026-02-23T01:13:01.237Z] [0] [Auth] Missing session cookie
